"../../../../../../Users/XetalEngine/Documents/Unreal Projects/XetalOnline/Content/InfinityBladeWarriors/Character/CompleteCharacters/Textures_Materials/CharM_Barbarous/T_CharM_Barbarous_D.uasset" 0
"../../../../../../Users/XetalEngine/Documents/Unreal Projects/XetalOnline/Content/InfinityBladeWarriors/Character/CompleteCharacters/Textures_Materials/CharM_Barbarous/T_CharM_Barbarous_N.uasset" 1
"../../../../../../Users/XetalEngine/Documents/Unreal Projects/XetalOnline/Content/InfinityBladeWarriors/Character/CompleteCharacters/Textures_Materials/CharM_Barbarous/T_CharM_Barbarous_MetalMask.uasset" 2
"../../../../../../Users/XetalEngine/Documents/Unreal Projects/XetalOnline/Content/InfinityBladeWarriors/Character/CompleteCharacters/Textures_Materials/CharM_Barbarous/M_Char_Barbrous.uasset" 3
"../../../Engine/Content/EngineMeshes/Humanoid.uasset" 4
"../../../../../../Users/XetalEngine/Documents/Unreal Projects/XetalOnline/Content/InfinityBladeWarriors/Character/CompleteCharacters/SK_Mannequin_Skeleton.uasset" 5
"../../../../../../Users/XetalEngine/Documents/Unreal Projects/XetalOnline/Content/InfinityBladeWarriors/Character/CompleteCharacters/SK_CharM_Barbarous.uasset" 6
"../../../../../../Users/XetalEngine/Documents/Unreal Projects/XetalOnline/Content/InfinityBladeWarriors/Character/CompleteCharacters/Textures_Materials/CharM_Base/T_CharM_Base_N.uasset" 7
"../../../../../../Users/XetalEngine/Documents/Unreal Projects/XetalOnline/Content/InfinityBladeWarriors/Character/CompleteCharacters/Textures_Materials/CharM_Base/T_CharM_Base_M.uasset" 8
"../../../../../../Users/XetalEngine/Documents/Unreal Projects/XetalOnline/Content/InfinityBladeWarriors/Character/CompleteCharacters/Textures_Materials/CharM_Base/T_CharM_Base_D.uasset" 9
"../../../../../../Users/XetalEngine/Documents/Unreal Projects/XetalOnline/Content/InfinityBladeWarriors/Character/CompleteCharacters/Textures_Materials/CharM_Base/M_CharM_Base.uasset" 10
"../../../../../../Users/XetalEngine/Documents/Unreal Projects/XetalOnline/Content/InfinityBladeWarriors/Character/CompleteCharacters/sk_CharM_Base.uasset" 11
"../../../Engine/Content/EditorBlueprintResources/StandardMacros.uasset" 12
"../../../Engine/Content/Animation/DefaultAnimCurveCompressionSettings.uasset" 13
"../../../Engine/Content/Animation/DefaultAnimBoneCompressionSettings.uasset" 14
"../../../../../../Users/XetalEngine/Documents/Unreal Projects/XetalOnline/Content/ThirdPersonWalk.uasset" 15
"../../../../../../Users/XetalEngine/Documents/Unreal Projects/XetalOnline/Content/ThirdPersonRun.uasset" 16
"../../../../../../Users/XetalEngine/Documents/Unreal Projects/XetalOnline/Content/ThirdPersonIdle.uasset" 17
"../../../../../../Users/XetalEngine/Documents/Unreal Projects/XetalOnline/Content/ThirdPerson_IdleRun_2D.uasset" 18
"../../../../../../Users/XetalEngine/Documents/Unreal Projects/XetalOnline/Content/ThirdPerson_Jump.uasset" 19
"../../../../../../Users/XetalEngine/Documents/Unreal Projects/XetalOnline/Content/ThirdPersonJump_Start.uasset" 20
"../../../../../../Users/XetalEngine/Documents/Unreal Projects/XetalOnline/Content/ThirdPersonJump_Loop.uasset" 21
"../../../../../../Users/XetalEngine/Documents/Unreal Projects/XetalOnline/Content/ThirdPerson_AnimBP.uasset" 22
"../../../../../../Users/XetalEngine/Documents/Unreal Projects/XetalOnline/Content/BluePrints/Characters/o_base.uasset" 23
"../../../../../../Users/XetalEngine/Documents/Unreal Projects/XetalOnline/Content/BluePrints/Characters/Barbarous.uasset" 24
"../../../../../../Users/XetalEngine/Documents/Unreal Projects/XetalOnline/Content/InfinityBladeWarriors/Character/CompleteCharacters/Textures_Materials/CharM_Forge/CharM_Forge_N.uasset" 25
"../../../../../../Users/XetalEngine/Documents/Unreal Projects/XetalOnline/Content/InfinityBladeWarriors/Character/CompleteCharacters/Textures_Materials/CharM_Forge/CharM_Forge_MetalMask.uasset" 26
"../../../../../../Users/XetalEngine/Documents/Unreal Projects/XetalOnline/Content/InfinityBladeWarriors/Character/CompleteCharacters/Textures_Materials/CharM_Forge/CharM_Forge_D.uasset" 27
"../../../../../../Users/XetalEngine/Documents/Unreal Projects/XetalOnline/Content/InfinityBladeWarriors/Character/CompleteCharacters/Textures_Materials/CharM_Forge/M_Char_Forge.uasset" 28
"../../../../../../Users/XetalEngine/Documents/Unreal Projects/XetalOnline/Content/InfinityBladeWarriors/Character/CompleteCharacters/SK_CharM_Forge.uasset" 29
"../../../../../../Users/XetalEngine/Documents/Unreal Projects/XetalOnline/Content/BluePrints/Characters/Forge.uasset" 30
"../../../../../../Users/XetalEngine/Documents/Unreal Projects/XetalOnline/Content/InfinityBladeWarriors/Character/CompleteCharacters/Textures_Materials/CharM_FrostGiant/T_Char_M_FrostGiant_N.uasset" 31
"../../../../../../Users/XetalEngine/Documents/Unreal Projects/XetalOnline/Content/InfinityBladeWarriors/Character/CompleteCharacters/Textures_Materials/CharM_FrostGiant/T_Char_M_FrostGiant_MaterialMask.uasset" 32
"../../../../../../Users/XetalEngine/Documents/Unreal Projects/XetalOnline/Content/InfinityBladeWarriors/Character/CompleteCharacters/Textures_Materials/CharM_FrostGiant/T_Char_M_FrostGiant_Masks.uasset" 33
"../../../../../../Users/XetalEngine/Documents/Unreal Projects/XetalOnline/Content/InfinityBladeWarriors/Character/CompleteCharacters/Textures_Materials/CharM_FrostGiant/T_Char_M_FrostGiant_D.uasset" 34
"../../../../../../Users/XetalEngine/Documents/Unreal Projects/XetalOnline/Content/InfinityBladeWarriors/Character/CompleteCharacters/Textures_Materials/CharM_FrostGiant/M_Char_FrostGiant.uasset" 35
"../../../../../../Users/XetalEngine/Documents/Unreal Projects/XetalOnline/Content/InfinityBladeWarriors/Character/CompleteCharacters/SK_CharM_FrostGiant.uasset" 36
"../../../../../../Users/XetalEngine/Documents/Unreal Projects/XetalOnline/Content/BluePrints/Characters/Frosty.uasset" 37
"../../../../../../Users/XetalEngine/Documents/Unreal Projects/XetalOnline/Content/InfinityBladeWarriors/Character/CompleteCharacters/Textures_Materials/CharM_Natural/T_CharM_Natural_N.uasset" 38
"../../../../../../Users/XetalEngine/Documents/Unreal Projects/XetalOnline/Content/InfinityBladeWarriors/Character/CompleteCharacters/Textures_Materials/CharM_Natural/T_CharM_Natural_Mask.uasset" 39
"../../../../../../Users/XetalEngine/Documents/Unreal Projects/XetalOnline/Content/InfinityBladeWarriors/Character/CompleteCharacters/Textures_Materials/CharM_Natural/T_CharM_Natural_D.uasset" 40
"../../../../../../Users/XetalEngine/Documents/Unreal Projects/XetalOnline/Content/InfinityBladeWarriors/Character/CompleteCharacters/Textures_Materials/CharM_Natural/M_Char_Natural.uasset" 41
"../../../../../../Users/XetalEngine/Documents/Unreal Projects/XetalOnline/Content/InfinityBladeWarriors/Character/CompleteCharacters/SK_CharM_Natural.uasset" 42
"../../../../../../Users/XetalEngine/Documents/Unreal Projects/XetalOnline/Content/BluePrints/Characters/Natural.uasset" 43
"../../../../../../Users/XetalEngine/Documents/Unreal Projects/XetalOnline/Content/InfinityBladeWarriors/Character/CompleteCharacters/Textures_Materials/CharM_Pit/T_CharM_Pit_N.uasset" 44
"../../../../../../Users/XetalEngine/Documents/Unreal Projects/XetalOnline/Content/InfinityBladeWarriors/Character/CompleteCharacters/Textures_Materials/CharM_Pit/T_CharM_Pit_Mask.uasset" 45
"../../../../../../Users/XetalEngine/Documents/Unreal Projects/XetalOnline/Content/InfinityBladeWarriors/Character/CompleteCharacters/Textures_Materials/CharM_Pit/T_CharM_Pit_D.uasset" 46
"../../../../../../Users/XetalEngine/Documents/Unreal Projects/XetalOnline/Content/InfinityBladeWarriors/Character/CompleteCharacters/Textures_Materials/CharM_Pit/M_Char_Pit.uasset" 47
"../../../../../../Users/XetalEngine/Documents/Unreal Projects/XetalOnline/Content/InfinityBladeWarriors/Character/CompleteCharacters/SK_CharM_Pit.uasset" 48
"../../../../../../Users/XetalEngine/Documents/Unreal Projects/XetalOnline/Content/BluePrints/Characters/Pit.uasset" 49
"../../../../../../Users/XetalEngine/Documents/Unreal Projects/XetalOnline/Content/InfinityBladeWarriors/Character/CompleteCharacters/Textures_Materials/CharM_Robo/T_CharM_Robo_N.uasset" 50
"../../../../../../Users/XetalEngine/Documents/Unreal Projects/XetalOnline/Content/InfinityBladeWarriors/Character/CompleteCharacters/Textures_Materials/CharM_Robo/T_CharM_Robo_Mask.uasset" 51
"../../../../../../Users/XetalEngine/Documents/Unreal Projects/XetalOnline/Content/InfinityBladeWarriors/Character/CompleteCharacters/Textures_Materials/CharM_Robo/T_CharM_Robo_D.uasset" 52
"../../../../../../Users/XetalEngine/Documents/Unreal Projects/XetalOnline/Content/InfinityBladeWarriors/Character/CompleteCharacters/Textures_Materials/CharM_Robo/M_Char_Robo.uasset" 53
"../../../../../../Users/XetalEngine/Documents/Unreal Projects/XetalOnline/Content/InfinityBladeWarriors/Character/CompleteCharacters/SK_CharM_Robo.uasset" 54
"../../../../../../Users/XetalEngine/Documents/Unreal Projects/XetalOnline/Content/BluePrints/Characters/Robo.uasset" 55
"../../../../../../Users/XetalEngine/Documents/Unreal Projects/XetalOnline/Content/InfinityBladeWarriors/Character/CompleteCharacters/Textures_Materials/CharM_Tusk/T_CharM_Tusk_D.uasset" 56
"../../../../../../Users/XetalEngine/Documents/Unreal Projects/XetalOnline/Content/InfinityBladeWarriors/Character/CompleteCharacters/Textures_Materials/CharM_Tusk/T_CharM_Tusk_N.uasset" 57
"../../../../../../Users/XetalEngine/Documents/Unreal Projects/XetalOnline/Content/InfinityBladeWarriors/Character/CompleteCharacters/Textures_Materials/CharM_Tusk/T_CharM_Tusk_Mask.uasset" 58
"../../../../../../Users/XetalEngine/Documents/Unreal Projects/XetalOnline/Content/InfinityBladeWarriors/Character/CompleteCharacters/Textures_Materials/CharM_Tusk/T_CharM_Tusk_E.uasset" 59
"../../../../../../Users/XetalEngine/Documents/Unreal Projects/XetalOnline/Content/InfinityBladeWarriors/Character/CompleteCharacters/Textures_Materials/CharM_Tusk/M_Char_Tusk.uasset" 60
"../../../../../../Users/XetalEngine/Documents/Unreal Projects/XetalOnline/Content/InfinityBladeWarriors/Character/CompleteCharacters/SK_CharM_Tusk.uasset" 61
"../../../../../../Users/XetalEngine/Documents/Unreal Projects/XetalOnline/Content/BluePrints/Characters/Tusk.uasset" 62
"../../../../../../Users/XetalEngine/Documents/Unreal Projects/XetalOnline/Content/InfinityBladeWarriors/Character/CompleteCharacters/Textures_Materials/CharM_Warrior/T_CharM_WarriorB_D.uasset" 63
"../../../../../../Users/XetalEngine/Documents/Unreal Projects/XetalOnline/Content/InfinityBladeWarriors/Character/CompleteCharacters/Textures_Materials/CharM_Warrior/T_CharM_WarriorB_Mask.uasset" 64
"../../../../../../Users/XetalEngine/Documents/Unreal Projects/XetalOnline/Content/InfinityBladeWarriors/Character/CompleteCharacters/Textures_Materials/CharM_Warrior/T_CharM_Warrior_N.uasset" 65
"../../../../../../Users/XetalEngine/Documents/Unreal Projects/XetalOnline/Content/InfinityBladeWarriors/Character/CompleteCharacters/Textures_Materials/CharM_Warrior/T_CharM_Warrior_JewelMask.uasset" 66
"../../../../../../Users/XetalEngine/Documents/Unreal Projects/XetalOnline/Content/InfinityBladeWarriors/Character/CompleteCharacters/Textures_Materials/CharM_Warrior/M_Char_Warrior_B.uasset" 67
"../../../../../../Users/XetalEngine/Documents/Unreal Projects/XetalOnline/Content/InfinityBladeWarriors/Character/CompleteCharacters/SK_CharM_Warrior.uasset" 68
"../../../../../../Users/XetalEngine/Documents/Unreal Projects/XetalOnline/Content/BluePrints/Characters/Warrior.uasset" 69
"../../../../../../Users/XetalEngine/Documents/Unreal Projects/XetalOnline/Content/Geometry/Meshes/CubeMaterial.uasset" 70
"../../../../../../Users/XetalEngine/Documents/Unreal Projects/XetalOnline/Content/Geometry/Meshes/1M_Cube_Chamfer.uasset" 71
"../../../../../../Users/XetalEngine/Documents/Unreal Projects/XetalOnline/Content/InfinityBladeWarriors/Character/CompleteCharacters/Textures_Materials/CharM_Barbarous/T_CharM_BarbarousElite_D.uasset" 72
"../../../../../../Users/XetalEngine/Documents/Unreal Projects/XetalOnline/Content/InfinityBladeWarriors/Character/CompleteCharacters/Textures_Materials/CharM_Barbarous/M_Char_Barbarous_Elite.uasset" 73
"../../../../../../Users/XetalEngine/Documents/Unreal Projects/XetalOnline/Content/InfinityBladeWarriors/Character/CompleteCharacters/Textures_Materials/CharM_Barbarous/SK_CharM_Barbarous_Skeleton.uasset" 74
"../../../../../../Users/XetalEngine/Documents/Unreal Projects/XetalOnline/Content/InfinityBladeWarriors/Character/CompleteCharacters/Textures_Materials/CharM_Base/T_CharM_Base_D_MetalMask.uasset" 75
"../../../../../../Users/XetalEngine/Documents/Unreal Projects/XetalOnline/Content/InfinityBladeWarriors/Character/CompleteCharacters/Textures_Materials/CharM_Bladed/T_CharM_Bladed_Elite_D.uasset" 76
"../../../../../../Users/XetalEngine/Documents/Unreal Projects/XetalOnline/Content/InfinityBladeWarriors/Character/CompleteCharacters/Textures_Materials/CharM_Natural/T_CharM_NaturalElite_D.uasset" 77
"../../../../../../Users/XetalEngine/Documents/Unreal Projects/XetalOnline/Content/InfinityBladeWarriors/Character/CompleteCharacters/Textures_Materials/CharM_Natural/T_CharM_NaturalElite_Mask.uasset" 78
"../../../../../../Users/XetalEngine/Documents/Unreal Projects/XetalOnline/Content/InfinityBladeWarriors/Character/CompleteCharacters/Textures_Materials/CharM_Natural/T_CharM_NaturalElite_N.uasset" 79
"../../../../../../Users/XetalEngine/Documents/Unreal Projects/XetalOnline/Content/InfinityBladeWarriors/Character/CompleteCharacters/Textures_Materials/CharM_Pit/T_CharM_Trench_D.uasset" 80
"../../../../../../Users/XetalEngine/Documents/Unreal Projects/XetalOnline/Content/InfinityBladeWarriors/Character/CompleteCharacters/Textures_Materials/CharM_Pit/M_Char_Pit2.uasset" 81
"../../../../../../Users/XetalEngine/Documents/Unreal Projects/XetalOnline/Content/InfinityBladeWarriors/Character/CompleteCharacters/Textures_Materials/CharM_Pit/T_CharM_Pit3_D.uasset" 82
"../../../../../../Users/XetalEngine/Documents/Unreal Projects/XetalOnline/Content/InfinityBladeWarriors/Character/CompleteCharacters/Textures_Materials/CharM_Pit/M_Char_Pit3.uasset" 83
"../../../../../../Users/XetalEngine/Documents/Unreal Projects/XetalOnline/Content/InfinityBladeWarriors/Character/CompleteCharacters/Textures_Materials/CharM_Pit/T_CharM_Gorge_D.uasset" 84
"../../../../../../Users/XetalEngine/Documents/Unreal Projects/XetalOnline/Content/InfinityBladeWarriors/Character/CompleteCharacters/Textures_Materials/CharM_Ram/T_CharM_Ram_C_D.uasset" 85
"../../../../../../Users/XetalEngine/Documents/Unreal Projects/XetalOnline/Content/InfinityBladeWarriors/Character/CompleteCharacters/Textures_Materials/CharM_Ram/T_CharM_Ram_D.uasset" 86
"../../../../../../Users/XetalEngine/Documents/Unreal Projects/XetalOnline/Content/InfinityBladeWarriors/Character/CompleteCharacters/Textures_Materials/CharM_Shell/T_CharM_ShellB_D.uasset" 87
"../../../../../../Users/XetalEngine/Documents/Unreal Projects/XetalOnline/Content/InfinityBladeWarriors/Character/CompleteCharacters/Textures_Materials/CharM_Shell/T_CharM_Shell_C.uasset" 88
"../../../../../../Users/XetalEngine/Documents/Unreal Projects/XetalOnline/Content/InfinityBladeWarriors/Character/CompleteCharacters/Textures_Materials/CharM_Bladed/T_CharM_Bladed_N.uasset" 89
"../../../../../../Users/XetalEngine/Documents/Unreal Projects/XetalOnline/Content/InfinityBladeWarriors/Character/CompleteCharacters/Textures_Materials/CharM_Bladed/T_CharM_Bladed_MetalMask1.uasset" 90
"../../../../../../Users/XetalEngine/Documents/Unreal Projects/XetalOnline/Content/InfinityBladeWarriors/Character/CompleteCharacters/Textures_Materials/CharM_Bladed/T_CharM_Bladed_D.uasset" 91
"../../../../../../Users/XetalEngine/Documents/Unreal Projects/XetalOnline/Content/InfinityBladeWarriors/Character/CompleteCharacters/Textures_Materials/CharM_solid/M_CharM_Solid_Alternate.uasset" 92
"../../../../../../Users/XetalEngine/Documents/Unreal Projects/XetalOnline/Content/InfinityBladeWarriors/Character/CompleteCharacters/Textures_Materials/CharM_solid/T_CharM_Solid_Alt.uasset" 93
"../../../../../../Users/XetalEngine/Documents/Unreal Projects/XetalOnline/Content/InfinityBladeWarriors/Character/CompleteCharacters/Textures_Materials/CharM_solid/T_CharM_Solid_Alternate.uasset" 94
"../../../../../../Users/XetalEngine/Documents/Unreal Projects/XetalOnline/Content/InfinityBladeWarriors/Character/CompleteCharacters/Textures_Materials/CharM_solid/T_CharM_Solid_Alt_Mask.uasset" 95
"../../../../../../Users/XetalEngine/Documents/Unreal Projects/XetalOnline/Content/InfinityBladeWarriors/Character/CompleteCharacters/Textures_Materials/CharM_Warrior/T_CharM_Warrior_Emissive.uasset" 96
"../../../../../../Users/XetalEngine/Documents/Unreal Projects/XetalOnline/Content/Mannequin/Character/Mesh/UE4_Mannequin_Skeleton.uasset" 97
"../../../../../../Users/XetalEngine/Documents/Unreal Projects/XetalOnline/Content/Mannequin/Animations/ThirdPersonJump_End.uasset" 98
"../../../../../../Users/XetalEngine/Documents/Unreal Projects/XetalOnline/Content/Mannequin/Character/Textures/T_UE4Logo_Mask.uasset" 99
"../../../../../../Users/XetalEngine/Documents/Unreal Projects/XetalOnline/Content/Mannequin/Character/Textures/T_Male_N.uasset" 100
"../../../../../../Users/XetalEngine/Documents/Unreal Projects/XetalOnline/Content/Mannequin/Character/Textures/T_Male_Mask.uasset" 101
"../../../../../../Users/XetalEngine/Documents/Unreal Projects/XetalOnline/Content/Mannequin/Character/Textures/T_Female_N.uasset" 102
"../../../../../../Users/XetalEngine/Documents/Unreal Projects/XetalOnline/Content/Mannequin/Character/Textures/T_Female_Mask.uasset" 103
"../../../../../../Users/XetalEngine/Documents/Unreal Projects/XetalOnline/Content/Mannequin/Character/Materials/MaterialLayers/T_ML_Rubber_Blue_01_N.uasset" 104
"../../../../../../Users/XetalEngine/Documents/Unreal Projects/XetalOnline/Content/Mannequin/Character/Materials/MaterialLayers/T_ML_Rubber_Blue_01_D.uasset" 105
"../../../../../../Users/XetalEngine/Documents/Unreal Projects/XetalOnline/Content/Mannequin/Character/Materials/MaterialLayers/T_ML_Aluminum01_N.uasset" 106
"../../../../../../Users/XetalEngine/Documents/Unreal Projects/XetalOnline/Content/Mannequin/Character/Materials/MaterialLayers/T_ML_Aluminum01.uasset" 107
"../../../../../../Users/XetalEngine/Documents/Unreal Projects/XetalOnline/Content/Mannequin/Character/Materials/MaterialLayers/ML_Plastic_Shiny_Beige.uasset" 108
"../../../../../../Users/XetalEngine/Documents/Unreal Projects/XetalOnline/Content/Mannequin/Character/Materials/MaterialLayers/ML_GlossyBlack_Latex_UE4.uasset" 109
"../../../Engine/Content/Functions/MaterialLayerFunctions/MatLayerBlend_Simple.uasset" 110
"../../../Engine/Content/Functions/Engine_MaterialFunctions02/Utility/BlendAngleCorrectedNormals.uasset" 111
"../../../Engine/Content/Functions/MaterialLayerFunctions/MatLayerBlend_NormalBlend.uasset" 112
"../../../../../../Users/XetalEngine/Documents/Unreal Projects/XetalOnline/Content/Mannequin/Character/Materials/MaterialLayers/ML_SoftMetal_UE4.uasset" 113
"../../../../../../Users/XetalEngine/Documents/Unreal Projects/XetalOnline/Content/Mannequin/Character/Materials/MaterialLayers/ML_Plastic_Shiny_Beige_LOGO.uasset" 114
"../../../../../../Users/XetalEngine/Documents/Unreal Projects/XetalOnline/Content/Mannequin/Character/Materials/M_Male_Body.uasset" 115
"../../../../../../Users/XetalEngine/Documents/Unreal Projects/XetalOnline/Content/Mannequin/Character/Materials/MI_Female_Body.uasset" 116
"../../../../../../Users/XetalEngine/Documents/Unreal Projects/XetalOnline/Content/Mannequin/Character/Mesh/SK_Mannequin_Female_PhysicsAsset.uasset" 117
"../../../../../../Users/XetalEngine/Documents/Unreal Projects/XetalOnline/Content/Mannequin/Character/Textures/T_UE4Logo_N.uasset" 118
"../../../../../../Users/XetalEngine/Documents/Unreal Projects/XetalOnline/Content/Mannequin/Character/Materials/M_UE4Man_ChestLogo.uasset" 119
"../../../../../../Users/XetalEngine/Documents/Unreal Projects/XetalOnline/Content/Mannequin/Character/Mesh/SK_Mannequin_Female.uasset" 120
"../../../../../../Users/XetalEngine/Documents/Unreal Projects/XetalOnline/Content/Music/Animated_Background_Rpg_Fantasy_01.uasset" 121
"../../../../../../Users/XetalEngine/Documents/Unreal Projects/XetalOnline/Content/Music/MediaFileSourceVideo.uasset" 122
"../../../../../../Users/XetalEngine/Documents/Unreal Projects/XetalOnline/Content/Music/MenuMusic.uasset" 123
"../../../../../../Users/XetalEngine/Documents/Unreal Projects/XetalOnline/Content/Music/MenuRPG.uasset" 124
"../../../../../../Users/XetalEngine/Documents/Unreal Projects/XetalOnline/Content/Music/MusicActor.uasset" 125
"../../../../../../Users/XetalEngine/Documents/Unreal Projects/XetalOnline/Content/Music/rpgwav.uasset" 126
"../../../../../../Users/XetalEngine/Documents/Unreal Projects/XetalOnline/Content/Music/rpgwav_Cue.uasset" 127
"../../../../../../Users/XetalEngine/Documents/Unreal Projects/XetalOnline/Content/Music/Super_Mario_RPG_-_Forest_Maze.uasset" 128
"../../../../../../Users/XetalEngine/Documents/Unreal Projects/XetalOnline/Content/StarterContent/Materials/M_Basic_Wall.uasset" 129
"../../../../../../Users/XetalEngine/Documents/Unreal Projects/XetalOnline/Content/StarterContent/Architecture/Pillar_50x500.uasset" 130
"../../../../../../Users/XetalEngine/Documents/Unreal Projects/XetalOnline/Content/StarterContent/Architecture/Wall_400x300.uasset" 131
"../../../../../../Users/XetalEngine/Documents/Unreal Projects/XetalOnline/Content/StarterContent/Architecture/Wall_400x400.uasset" 132
"../../../../../../Users/XetalEngine/Documents/Unreal Projects/XetalOnline/Content/StarterContent/Architecture/Wall_500x500.uasset" 133
"../../../../../../Users/XetalEngine/Documents/Unreal Projects/XetalOnline/Content/StarterContent/Architecture/Wall_Door_400x400.uasset" 134
"../../../../../../Users/XetalEngine/Documents/Unreal Projects/XetalOnline/Content/StarterContent/Architecture/Wall_Window_400x400.uasset" 135
"../../../../../../Users/XetalEngine/Documents/Unreal Projects/XetalOnline/Content/StarterContent/Audio/Collapse01.uasset" 136
"../../../../../../Users/XetalEngine/Documents/Unreal Projects/XetalOnline/Content/StarterContent/Audio/Collapse02.uasset" 137
"../../../../../../Users/XetalEngine/Documents/Unreal Projects/XetalOnline/Content/StarterContent/Audio/Explosion01.uasset" 138
"../../../../../../Users/XetalEngine/Documents/Unreal Projects/XetalOnline/Content/StarterContent/Audio/Explosion02.uasset" 139
"../../../../../../Users/XetalEngine/Documents/Unreal Projects/XetalOnline/Content/StarterContent/Audio/Fire01.uasset" 140
"../../../../../../Users/XetalEngine/Documents/Unreal Projects/XetalOnline/Content/StarterContent/Audio/Fire_Sparks01.uasset" 141
"../../../../../../Users/XetalEngine/Documents/Unreal Projects/XetalOnline/Content/StarterContent/Audio/Light01.uasset" 142
"../../../../../../Users/XetalEngine/Documents/Unreal Projects/XetalOnline/Content/StarterContent/Audio/Light01_Cue.uasset" 143
"../../../../../../Users/XetalEngine/Documents/Unreal Projects/XetalOnline/Content/StarterContent/Audio/Light02.uasset" 144
"../../../../../../Users/XetalEngine/Documents/Unreal Projects/XetalOnline/Content/StarterContent/Audio/Light02_Cue.uasset" 145
"../../../../../../Users/XetalEngine/Documents/Unreal Projects/XetalOnline/Content/StarterContent/Audio/Smoke01.uasset" 146
"../../../../../../Users/XetalEngine/Documents/Unreal Projects/XetalOnline/Content/StarterContent/Audio/Starter_Birds01.uasset" 147
"../../../../../../Users/XetalEngine/Documents/Unreal Projects/XetalOnline/Content/StarterContent/Audio/Starter_Music01.uasset" 148
"../../../../../../Users/XetalEngine/Documents/Unreal Projects/XetalOnline/Content/StarterContent/Audio/Starter_Wind05.uasset" 149
"../../../../../../Users/XetalEngine/Documents/Unreal Projects/XetalOnline/Content/StarterContent/Audio/Starter_Wind06.uasset" 150
"../../../../../../Users/XetalEngine/Documents/Unreal Projects/XetalOnline/Content/StarterContent/Audio/Steam01.uasset" 151
"../../../../../../Users/XetalEngine/Documents/Unreal Projects/XetalOnline/Content/StarterContent/Textures/T_Smoke_Tiled_D.uasset" 152
"../../../../../../Users/XetalEngine/Documents/Unreal Projects/XetalOnline/Content/StarterContent/Textures/T_Smoke_SubUV.uasset" 153
"../../../../../../Users/XetalEngine/Documents/Unreal Projects/XetalOnline/Content/StarterContent/Particles/Materials/M_smoke_subUV.uasset" 154
"../../../Engine/Content/Functions/Engine_MaterialFunctions01/Gradient/RadialGradient.uasset" 155
"../../../../../../Users/XetalEngine/Documents/Unreal Projects/XetalOnline/Content/StarterContent/Particles/Materials/M_radial_ramp.uasset" 156
"../../../../../../Users/XetalEngine/Documents/Unreal Projects/XetalOnline/Content/StarterContent/Particles/Materials/m_flare_01.uasset" 157
"../../../../../../Users/XetalEngine/Documents/Unreal Projects/XetalOnline/Content/StarterContent/Textures/T_Explosion_SubUV.uasset" 158
"../../../../../../Users/XetalEngine/Documents/Unreal Projects/XetalOnline/Content/StarterContent/Particles/Materials/M_explosion_subUV.uasset" 159
"../../../../../../Users/XetalEngine/Documents/Unreal Projects/XetalOnline/Content/StarterContent/Textures/T_Burst_M.uasset" 160
"../../../../../../Users/XetalEngine/Documents/Unreal Projects/XetalOnline/Content/StarterContent/Particles/Materials/M_Burst.uasset" 161
"../../../../../../Users/XetalEngine/Documents/Unreal Projects/XetalOnline/Content/StarterContent/Particles/P_Explosion.uasset" 162
"../../../../../../Users/XetalEngine/Documents/Unreal Projects/XetalOnline/Content/StarterContent/Audio/Explosion_Cue.uasset" 163
"../../../../../../Users/XetalEngine/Documents/Unreal Projects/XetalOnline/Content/StarterContent/Blueprints/Blueprint_Effect_Explosion.uasset" 164
"../../../Engine/Content/EditorMeshes/ColorCalibrator/T_ColorGrid.uasset" 165
"../../../../../../Users/XetalEngine/Documents/Unreal Projects/XetalOnline/Content/StarterContent/Materials/M_ColorGrid_LowSpec.uasset" 166
"../../../../../../Users/XetalEngine/Documents/Unreal Projects/XetalOnline/Content/StarterContent/Textures/T_Bush_N.uasset" 167
"../../../../../../Users/XetalEngine/Documents/Unreal Projects/XetalOnline/Content/StarterContent/Textures/T_Bush_D.uasset" 168
"../../../../../../Users/XetalEngine/Documents/Unreal Projects/XetalOnline/Content/StarterContent/Props/Materials/M_Bush.uasset" 169
"../../../../../../Users/XetalEngine/Documents/Unreal Projects/XetalOnline/Content/StarterContent/Props/SM_Bush.uasset" 170
"../../../../../../Users/XetalEngine/Documents/Unreal Projects/XetalOnline/Content/StarterContent/Textures/T_Chair_N.uasset" 171
"../../../../../../Users/XetalEngine/Documents/Unreal Projects/XetalOnline/Content/StarterContent/Textures/T_Chair_M.uasset" 172
"../../../../../../Users/XetalEngine/Documents/Unreal Projects/XetalOnline/Content/StarterContent/Props/Materials/M_Chair.uasset" 173
"../../../../../../Users/XetalEngine/Documents/Unreal Projects/XetalOnline/Content/StarterContent/Props/SM_Couch.uasset" 174
"../../../../../../Users/XetalEngine/Documents/Unreal Projects/XetalOnline/Content/StarterContent/Textures/T_Door_N.uasset" 175
"../../../../../../Users/XetalEngine/Documents/Unreal Projects/XetalOnline/Content/StarterContent/Textures/T_Door_M.uasset" 176
"../../../../../../Users/XetalEngine/Documents/Unreal Projects/XetalOnline/Content/StarterContent/Props/Materials/M_Door.uasset" 177
"../../../../../../Users/XetalEngine/Documents/Unreal Projects/XetalOnline/Content/StarterContent/Materials/M_Glass.uasset" 178
"../../../../../../Users/XetalEngine/Documents/Unreal Projects/XetalOnline/Content/StarterContent/Props/SM_Door.uasset" 179
"../../../../../../Users/XetalEngine/Documents/Unreal Projects/XetalOnline/Content/StarterContent/Props/Materials/M_MaterialSphere_Plain.uasset" 180
"../../../../../../Users/XetalEngine/Documents/Unreal Projects/XetalOnline/Content/StarterContent/Props/Materials/M_MaterialSphere.uasset" 181
"../../../../../../Users/XetalEngine/Documents/Unreal Projects/XetalOnline/Content/StarterContent/Props/SM_MatPreviewMesh_02.uasset" 182
"../../../../../../Users/XetalEngine/Documents/Unreal Projects/XetalOnline/Content/StarterContent/Textures/T_RockMesh_N.uasset" 183
"../../../../../../Users/XetalEngine/Documents/Unreal Projects/XetalOnline/Content/StarterContent/Textures/T_RockMesh_M.uasset" 184
"../../../../../../Users/XetalEngine/Documents/Unreal Projects/XetalOnline/Content/StarterContent/Textures/T_Rock_Basalt_D.uasset" 185
"../../../../../../Users/XetalEngine/Documents/Unreal Projects/XetalOnline/Content/StarterContent/Textures/T_Detail_Rocky_N.uasset" 186
"../../../../../../Users/XetalEngine/Documents/Unreal Projects/XetalOnline/Content/StarterContent/Props/Materials/M_Rock.uasset" 187
"../../../../../../Users/XetalEngine/Documents/Unreal Projects/XetalOnline/Content/StarterContent/Props/SM_Rock.uasset" 188
"../../../../../../Users/XetalEngine/Documents/Unreal Projects/XetalOnline/Content/StarterContent/Textures/T_Shelf_N.uasset" 189
"../../../../../../Users/XetalEngine/Documents/Unreal Projects/XetalOnline/Content/StarterContent/Textures/T_Shelf_M.uasset" 190
"../../../../../../Users/XetalEngine/Documents/Unreal Projects/XetalOnline/Content/StarterContent/Props/Materials/M_Shelf.uasset" 191
"../../../../../../Users/XetalEngine/Documents/Unreal Projects/XetalOnline/Content/StarterContent/Props/SM_Shelf.uasset" 192
"../../../../../../Users/XetalEngine/Documents/Unreal Projects/XetalOnline/Content/StarterContent/Materials/M_Basic_Floor.uasset" 193
"../../../../../../Users/XetalEngine/Documents/Unreal Projects/XetalOnline/Content/StarterContent/Props/SM_Stairs.uasset" 194
"../../../../../../Users/XetalEngine/Documents/Unreal Projects/XetalOnline/Content/StarterContent/Shapes/Shape_Cone.uasset" 195
"../../../../../../Users/XetalEngine/Documents/Unreal Projects/XetalOnline/Content/StarterContent/Shapes/Shape_Cylinder.uasset" 196
"../../../../../../Users/XetalEngine/Documents/Unreal Projects/XetalOnline/Content/StarterContent/Shapes/Shape_NarrowCapsule.uasset" 197
"../../../../../../Users/XetalEngine/Documents/Unreal Projects/XetalOnline/Content/StarterContent/Shapes/Shape_Pipe.uasset" 198
"../../../../../../Users/XetalEngine/Documents/Unreal Projects/XetalOnline/Content/StarterContent/Shapes/Shape_Pipe_180.uasset" 199
"../../../../../../Users/XetalEngine/Documents/Unreal Projects/XetalOnline/Content/StarterContent/Shapes/Shape_Pipe_90.uasset" 200
"../../../../../../Users/XetalEngine/Documents/Unreal Projects/XetalOnline/Content/StarterContent/Shapes/Shape_Plane.uasset" 201
"../../../../../../Users/XetalEngine/Documents/Unreal Projects/XetalOnline/Content/StarterContent/Shapes/Shape_Torus.uasset" 202
"../../../../../../Users/XetalEngine/Documents/Unreal Projects/XetalOnline/Content/StarterContent/Shapes/Shape_Trim.uasset" 203
"../../../../../../Users/XetalEngine/Documents/Unreal Projects/XetalOnline/Content/StarterContent/Shapes/Shape_Trim_90_In.uasset" 204
"../../../../../../Users/XetalEngine/Documents/Unreal Projects/XetalOnline/Content/StarterContent/Shapes/Shape_Trim_90_Out.uasset" 205
"../../../../../../Users/XetalEngine/Documents/Unreal Projects/XetalOnline/Content/StarterContent/Shapes/Shape_TriPyramid.uasset" 206
"../../../../../../Users/XetalEngine/Documents/Unreal Projects/XetalOnline/Content/StarterContent/Shapes/Shape_Tube.uasset" 207
"../../../../../../Users/XetalEngine/Documents/Unreal Projects/XetalOnline/Content/StarterContent/Shapes/Shape_Wedge_A.uasset" 208
"../../../../../../Users/XetalEngine/Documents/Unreal Projects/XetalOnline/Content/StarterContent/Shapes/Shape_Wedge_B.uasset" 209
"../../../../../../Users/XetalEngine/Documents/Unreal Projects/XetalOnline/Content/StarterContent/Shapes/Shape_WideCapsule.uasset" 210
"../../../../../../Users/XetalEngine/Documents/Unreal Projects/XetalOnline/Content/Textures/Arena01_TN_-_Copy.uasset" 211
"../../../../../../Users/XetalEngine/Documents/Unreal Projects/XetalOnline/Content/Textures/ForgeTN.uasset" 212
"../../../../../../Users/XetalEngine/Documents/Unreal Projects/XetalOnline/Content/Textures/FrostyTN.uasset" 213
"../../../../../../Users/XetalEngine/Documents/Unreal Projects/XetalOnline/Content/Textures/NaturalTN.uasset" 214
"../../../../../../Users/XetalEngine/Documents/Unreal Projects/XetalOnline/Content/Textures/PitTN.uasset" 215
"../../../../../../Users/XetalEngine/Documents/Unreal Projects/XetalOnline/Content/Textures/RoboTN.uasset" 216
"../../../../../../Users/XetalEngine/Documents/Unreal Projects/XetalOnline/Content/Textures/TuskTN.uasset" 217
"../../../../../../Users/XetalEngine/Documents/Unreal Projects/XetalOnline/Content/Textures/WarriorTN.uasset" 218
"../../../../../../Users/XetalEngine/Documents/Unreal Projects/XetalOnline/Content/ThirdPerson/Meshes/RampMaterial.uasset" 219
"../../../../../../Users/XetalEngine/Documents/Unreal Projects/XetalOnline/Content/ThirdPerson/Meshes/Bump_StaticMesh.uasset" 220
"../../../../../../Users/XetalEngine/Documents/Unreal Projects/XetalOnline/Content/ThirdPerson/Meshes/LeftArm_StaticMesh.uasset" 221
"../../../../../../Users/XetalEngine/Documents/Unreal Projects/XetalOnline/Content/ThirdPerson/Meshes/Linear_Stair_StaticMesh.uasset" 222
"../../../../../../Users/XetalEngine/Documents/Unreal Projects/XetalOnline/Content/ThirdPerson/Meshes/Ramp_StaticMesh.uasset" 223
"../../../../../../Users/XetalEngine/Documents/Unreal Projects/XetalOnline/Content/ThirdPerson/Meshes/RightArm_StaticMesh.uasset" 224
"../../../../../../Users/XetalEngine/Documents/Unreal Projects/XetalOnline/Content/ThirdPersonBP/ThirdPersonOverview.uasset" 225
"../../../../../../Users/XetalEngine/Documents/Unreal Projects/XetalOnline/Content/Mannequin/Animations/ThirdPersonWalk.uasset" 226
"../../../../../../Users/XetalEngine/Documents/Unreal Projects/XetalOnline/Content/Mannequin/Animations/ThirdPersonRun.uasset" 227
"../../../../../../Users/XetalEngine/Documents/Unreal Projects/XetalOnline/Content/Mannequin/Animations/ThirdPersonIdle.uasset" 228
"../../../../../../Users/XetalEngine/Documents/Unreal Projects/XetalOnline/Content/Mannequin/Animations/ThirdPerson_IdleRun_2D.uasset" 229
"../../../../../../Users/XetalEngine/Documents/Unreal Projects/XetalOnline/Content/Mannequin/Animations/ThirdPerson_Jump.uasset" 230
"../../../../../../Users/XetalEngine/Documents/Unreal Projects/XetalOnline/Content/Mannequin/Animations/ThirdPersonJump_Start.uasset" 231
"../../../../../../Users/XetalEngine/Documents/Unreal Projects/XetalOnline/Content/Mannequin/Animations/ThirdPersonJump_Loop.uasset" 232
"../../../../../../Users/XetalEngine/Documents/Unreal Projects/XetalOnline/Content/Mannequin/Animations/ThirdPerson_AnimBP.uasset" 233
"../../../../../../Users/XetalEngine/Documents/Unreal Projects/XetalOnline/Content/Mannequin/Character/Mesh/SK_Mannequin_PhysicsAsset.uasset" 234
"../../../../../../Users/XetalEngine/Documents/Unreal Projects/XetalOnline/Content/Mannequin/Character/Mesh/SK_Mannequin.uasset" 235
"../../../../../../Users/XetalEngine/Documents/Unreal Projects/XetalOnline/Content/ThirdPersonBP/Blueprints/ThirdPersonCharacter.uasset" 236
"../../../../../../Users/XetalEngine/Documents/Unreal Projects/XetalOnline/Content/ThirdPersonBP/Blueprints/ThirdPersonGameMode.uasset" 237
"../../../../../../Users/XetalEngine/Documents/Unreal Projects/XetalOnline/Content/UI/AllLevels/ChatText.uasset" 238
"../../../../../../Users/XetalEngine/Documents/Unreal Projects/XetalOnline/Content/UI/AllLevels/GamePlayChat.uasset" 239
"../../../../../../Users/XetalEngine/Documents/Unreal Projects/XetalOnline/Content/UI/Lobby/PlayerButton.uasset" 240
"../../../../../../Users/XetalEngine/Documents/Unreal Projects/XetalOnline/Content/UI/MainMenu/ErrorDialog.uasset" 241
"../../../Engine/Content/EngineMaterials/T_Default_Material_Grid_N.uasset" 242
"../../../Engine/Content/EngineMaterials/T_Default_Material_Grid_M.uasset" 243
"../../../Engine/Content/Functions/Engine_MaterialFunctions01/Opacity/CameraDepthFade.uasset" 244
"../../../Engine/Content/EngineMaterials/WorldGridMaterial.uasset" 245
"../../../Engine/Content/ArtTools/RenderToTexture/Meshes/S_1_Unit_Plane.uasset" 246
"../../../Engine/Content/EngineMaterials/DefaultMaterial.uasset" 247
"../../../Engine/Content/BasicShapes/Cone.uasset" 248
"../../../Engine/Content/BasicShapes/Plane.uasset" 249
"../../../Engine/Content/BasicShapes/Sphere.uasset" 250
"../../../Engine/Content/EditorLandscapeResources/DataLayer.uasset" 251
"../../../Engine/Content/EditorLandscapeResources/DefaultAlphaTexture.uasset" 252
"../../../Engine/Content/EditorMaterials/MAT_Groups_Toggle.uasset" 253
"../../../Engine/Content/EditorMaterials/MAT_Groups_Visibility.uasset" 254
"../../../Engine/Content/EditorMaterials/PreviewShadowIndicator.uasset" 255
"../../../Engine/Content/EditorMaterials/PreviewShadowIndicatorMaterial.uasset" 256
"../../../Engine/Content/EditorMaterials/MatineeGroups/MAT_ColorTrack.uasset" 257
"../../../Engine/Content/EditorMaterials/MatineeGroups/MAT_Groups_Anim.uasset" 258
"../../../Engine/Content/EditorMaterials/MatineeGroups/MAT_Groups_AudioMaster.uasset" 259
"../../../Engine/Content/EditorMaterials/MatineeGroups/MAT_Groups_Director.uasset" 260
"../../../Engine/Content/EditorMaterials/MatineeGroups/MAT_Groups_Event.uasset" 261
"../../../Engine/Content/EditorMaterials/MatineeGroups/MAT_Groups_Fade.uasset" 262
"../../../Engine/Content/EditorMaterials/MatineeGroups/MAT_Groups_Float.uasset" 263
"../../../Engine/Content/EditorMaterials/MatineeGroups/MAT_Groups_Move.uasset" 264
"../../../Engine/Content/EditorMaterials/MatineeGroups/MAT_Groups_Slomo.uasset" 265
"../../../Engine/Content/EditorMaterials/MatineeGroups/MAT_Groups_Sound.uasset" 266
"../../../Engine/Content/EditorMaterials/MatineeGroups/MAT_Groups_Vector.uasset" 267
"../../../Engine/Content/EditorMaterials/ParticleSystems/PSysThumbnail_NoImage.uasset" 268
"../../../Engine/Content/EditorMaterials/ParticleSystems/PSysThumbnail_OOD.uasset" 269
"../../../Engine/Content/EditorMaterials/Camera/CineMat.uasset" 270
"../../../Engine/Content/EditorMaterials/Camera/MI_CineMat_Rig.uasset" 271
"../../../Engine/Content/EditorMeshes/Camera/SM_CraneRig_Arm.uasset" 272
"../../../Engine/Content/EditorMeshes/Camera/SM_CraneRig_Base.uasset" 273
"../../../Engine/Content/EditorMeshes/Camera/SM_CraneRig_Body.uasset" 274
"../../../Engine/Content/EditorMeshes/Camera/SM_CraneRig_Mount.uasset" 275
"../../../Engine/Content/EditorMeshes/Camera/SM_RailRig_Mount.uasset" 276
"../../../Engine/Content/EditorMeshes/Camera/SM_RailRig_Track.uasset" 277
"../../../Engine/Content/EditorResources/BSPVertex.uasset" 278
"../../../Engine/Content/EditorResources/EmptyActor.uasset" 279
"../../../Engine/Content/EditorResources/S_Actor.uasset" 280
"../../../Engine/Content/EditorResources/S_Note.uasset" 281
"../../../Engine/Content/EditorResources/S_Solver.uasset" 282
"../../../Engine/Content/EditorResources/S_Terrain.uasset" 283
"../../../Engine/Content/EditorResources/S_Trigger.uasset" 284
"../../../Engine/Content/EditorResources/AudioIcons/S_AudioComponent.uasset" 285
"../../../Engine/Content/EditorResources/AudioIcons/S_AudioComponent_AutoActivate.uasset" 286
"../../../Engine/Content/EditorResources/LightIcons/S_LightError.uasset" 287
"../../../Engine/Content/EditorResources/SequenceRecorder/Countdown.uasset" 288
"../../../Engine/Content/EditorResources/SequenceRecorder/RecordingIndicator.uasset" 289
"../../../Engine/Content/EngineDamageTypes/DmgTypeBP_Environmental.uasset" 290
"../../../Engine/Content/EngineDebugMaterials/DebugEditorMaterial.uasset" 291
"../../../Engine/Content/EngineDebugMaterials/DebugMeshMaterial.uasset" 292
"../../../Engine/Content/EngineDebugMaterials/M_SimpleUnlitTranslucent.uasset" 293
"../../../Engine/Content/EngineDebugMaterials/VolumeToRender.uasset" 294
"../../../Engine/Content/Functions/Engine_MaterialFunctions02/Utility/CameraDirectionVector.uasset" 295
"../../../Engine/Content/EngineDebugMaterials/M_VolumeRenderSphereTracePP.uasset" 296
"../../../Engine/Content/Functions/Engine_MaterialFunctions01/Shading/ConvertFromDiffSpec.uasset" 297
"../../../Engine/Content/EngineDebugMaterials/VertexColorMaterial.uasset" 298
"../../../Engine/Content/EngineDebugMaterials/WireframeMaterial.uasset" 299
"../../../Engine/Content/EngineFonts/Faces/RobotoRegular.uasset" 300
"../../../Engine/Content/EngineFonts/Faces/RobotoLight.uasset" 301
"../../../Engine/Content/EngineFonts/Faces/RobotoItalic.uasset" 302
"../../../Engine/Content/EngineFonts/Faces/RobotoBoldItalic.uasset" 303
"../../../Engine/Content/EngineFonts/Faces/RobotoBold.uasset" 304
"../../../Engine/Content/EngineFonts/Faces/DroidSansFallback.uasset" 305
"../../../Engine/Content/EngineFonts/Roboto.uasset" 306
"../../../Engine/Content/EngineMaterials/BaseFlattenNormalMap.uasset" 307
"../../../Engine/Content/EngineMaterials/BaseFlattenGrayscaleMap.uasset" 308
"../../../Engine/Content/EngineMaterials/BaseFlattenEmissiveMap.uasset" 309
"../../../Engine/Content/EngineMaterials/BaseFlattenDiffuseMap.uasset" 310
"../../../Engine/Content/EngineMaterials/BaseFlattenMaterial.uasset" 311
"../../../Engine/Content/EngineMaterials/BlueNoise.uasset" 312
"../../../Engine/Content/EngineMaterials/DefaultBloomKernel.uasset" 313
"../../../Engine/Content/EngineMaterials/DefaultBokeh.uasset" 314
"../../../Engine/Content/EngineMaterials/DefaultDiffuse.uasset" 315
"../../../Engine/Content/EngineMaterials/DefaultDeferredDecalMaterial.uasset" 316
"../../../Engine/Content/EngineMaterials/DefaultLightFunctionMaterial.uasset" 317
"../../../Engine/Content/EngineMaterials/DefaultPhysicalMaterial.uasset" 318
"../../../Engine/Content/Functions/Engine_MaterialFunctions02/Utility/BreakOutFloat2Components.uasset" 319
"../../../Engine/Content/EngineMaterials/DefaultPostProcessMaterial.uasset" 320
"../../../Engine/Content/EngineFonts/RobotoDistanceField.uasset" 321
"../../../Engine/Content/EngineMaterials/DefaultTextMaterialOpaque.uasset" 322
"../../../Engine/Content/EngineMaterials/DefaultWhiteGrid.uasset" 323
"../../../Engine/Content/EngineMaterials/DefaultWhiteGrid_Low.uasset" 324
"../../../Engine/Content/EngineMaterials/EmissiveMeshMaterial.uasset" 325
"../../../Engine/Content/EngineMaterials/GizmoMaterial.uasset" 326
"../../../Engine/Content/EngineMaterials/Good64x64TilingNoiseHighFreq.uasset" 327
"../../../Engine/Content/EngineMaterials/MiniFont.uasset" 328
"../../../Engine/Content/EngineMaterials/InvalidLightmapSettings.uasset" 329
"../../../Engine/Content/EngineMaterials/M_InvalidLightmapSettings.uasset" 330
"../../../Engine/Content/Functions/Engine_MaterialFunctions02/WorldPositionOffset/CameraOffset.uasset" 331
"../../../Engine/Content/EngineMaterials/PhAT_JointLimitMaterial.uasset" 332
"../../../Engine/Content/EngineMaterials/PreintegratedSkinBRDF.uasset" 333
"../../../Engine/Content/EngineMaterials/RemoveSurfaceMaterial.uasset" 334
"../../../Engine/Content/EngineMaterials/WeightMapPlaceholderTexture.uasset" 335
"../../../Engine/Content/EngineResources/WhiteSquareTexture.uasset" 336
"../../../Engine/Content/EngineMaterials/Widget3DPassThrough.uasset" 337
"../../../Engine/Content/EngineMaterials/Widget3DPassThrough_Masked.uasset" 338
"../../../Engine/Content/EngineMaterials/Widget3DPassThrough_Opaque.uasset" 339
"../../../Engine/Content/EngineMaterials/Widget3DPassThrough_Masked_OneSided.uasset" 340
"../../../Engine/Content/EngineMaterials/Widget3DPassThrough_Opaque_OneSided.uasset" 341
"../../../Engine/Content/EngineMaterials/Widget3DPassThrough_Translucent.uasset" 342
"../../../Engine/Content/EngineMaterials/Widget3DPassThrough_Translucent_OneSided.uasset" 343
"../../../Engine/Content/EngineMeshes/Cylinder.uasset" 344
"../../../Engine/Content/EngineMeshes/Sphere.uasset" 345
"../../../Engine/Content/EngineResources/Black.uasset" 346
"../../../Engine/Content/EngineResources/DefaultTextureCube.uasset" 347
"../../../Engine/Content/EngineResources/DefaultVolumeTexture2D.uasset" 348
"../../../Engine/Content/EngineResources/DefaultVolumeTexture.uasset" 349
"../../../Engine/Content/EngineResources/GradientTexture0.uasset" 350
"../../../Engine/Content/EngineSky/VolumetricClouds/T_NoiseShape64.uasset" 351
"../../../Engine/Content/EngineSky/VolumetricClouds/T_VolumeNoiseShape64.uasset" 352
"../../../Engine/Content/EngineSky/VolumetricClouds/T_NoiseErosion.uasset" 353
"../../../Engine/Content/EngineSky/VolumetricClouds/T_VolumeNoiseErosion32.uasset" 354
"../../../Engine/Content/EngineSky/VolumetricClouds/CloudWeatherTexture.uasset" 355
"../../../Engine/Content/EngineSky/VolumetricClouds/CloudGradientTexture.uasset" 356
"../../../Engine/Content/Functions/Engine_MaterialFunctions02/Utility/MakeFloat2.uasset" 357
"../../../Engine/Content/EngineSky/VolumetricClouds/m_SimpleVolumetricCloud.uasset" 358
"../../../Engine/Content/EngineSky/VolumetricClouds/m_SimpleVolumetricCloud_Inst.uasset" 359
"../../../Engine/Content/EngineSounds/Master.uasset" 360
"../../../Engine/Content/Functions/Engine_MaterialFunctions01/Shading/PowerToRoughness.uasset" 361
"../../../Engine/Content/Maps/Templates/Thumbnails/Default.uasset" 362
"../../../Engine/Content/Maps/Templates/Thumbnails/TimeOfDay.uasset" 363
"../../../Engine/Content/Maps/Templates/Thumbnails/VR-Basic.uasset" 364
"../../../Engine/Content/MobileResources/T_MobileControls_texture.uasset" 365
"../../../Engine/Content/MobileResources/T_MobileMenu2.uasset" 366
"../../../Engine/Content/MobileResources/HUD/AnalogHat.uasset" 367
"../../../Engine/Content/MobileResources/HUD/VirtualJoystick_Thumb.uasset" 368
"../../../Engine/Content/MobileResources/HUD/VirtualJoystick_Background.uasset" 369
"../../../Engine/Content/MobileResources/HUD/DefaultVirtualJoysticks.uasset" 370
"../../../Engine/Content/MobileResources/HUD/LeftVirtualJoystickOnly.uasset" 371
"../../../Engine/Content/MobileResources/HUD/MobileHUDButton1_off.uasset" 372
"../../../Engine/Content/MobileResources/HUD/MobileHUDButton1_on.uasset" 373
"../../../Engine/Content/MobileResources/HUD/MobileHUDButton2_off.uasset" 374
"../../../Engine/Content/MobileResources/HUD/MobileHUDButton2_on.uasset" 375
"../../../Engine/Content/MobileResources/HUD/MobileHUDButton3.uasset" 376
"../../../Engine/Content/MobileResources/HUD/MobileHUDButtonFire.uasset" 377
"../../../Engine/Content/MobileResources/HUD/MobileHUDDirectionPad.uasset" 378
"../../../Engine/Content/MobileResources/HUD/MobileHUDDirectionPad2.uasset" 379
"../../../Engine/Content/MobileResources/HUD/MobileHUDDirectionPad3.uasset" 380
"../../../Engine/Content/MobileResources/HUD/MobileHUDDirectionStick.uasset" 381
"../../../Engine/Content/MobileResources/HUD/T_Castle_ThumbstickInner.uasset" 382
"../../../Engine/Content/MobileResources/HUD/T_Castle_ThumbstickOutter.uasset" 383
"../../../Engine/Content/Tutorial/ContentIntroCurve.uasset" 384
"../../../Engine/Content/Tutorial/Basics/LevelEditorAttract.uasset" 385
"../../../Engine/Content/Tutorial/Basics/TutorialAssets/icon_tab_Levels_40x.uasset" 386
"../../../Engine/Content/Tutorial/Basics/LevelEditorOverview.uasset" 387
"../../../Engine/Content/VREditor/TransformGizmo/TranslucentTransformGizmoMaterial.uasset" 388
"../../../Engine/Content/VREditor/LaserPointer/VR_LaserPower_01.uasset" 389
"../../../Engine/Content/VREditor/TransformGizmo/TransformGizmoMaterial.uasset" 390
"../../../Engine/Content/VREditor/TransformGizmo/BoundingBoxCorner.uasset" 391
"../../../Engine/Content/VREditor/TransformGizmo/BoundingBoxEdge.uasset" 392
"../../../Engine/Content/VREditor/TransformGizmo/PlaneTranslationHandle.uasset" 393
"../../../Engine/Content/VREditor/TransformGizmo/Xray.uasset" 394
"../../../Engine/Content/VREditor/TransformGizmo/Main.uasset" 395
"../../../Engine/Content/VREditor/TransformGizmo/SM_Sequencer_Key.uasset" 396
"../../../Engine/Content/VREditor/TransformGizmo/SM_Sequencer_Node.uasset" 397
"../../Plugins/2D/Paper2D/Content/PlaceholderTextures/DummySpriteTexture.uasset" 398
"../../Plugins/2D/Paper2D/Content/DummySprite.uasset" 399
"../../Plugins/2D/Paper2D/Content/DefaultPaperTerrainMaterial.uasset" 400
"../../Plugins/2D/Paper2D/Content/DefaultSpriteMaterial.uasset" 401
"../../Plugins/2D/Paper2D/Content/MaskedUnlitSpriteMaterial.uasset" 402
"../../Plugins/2D/Paper2D/Content/OpaqueUnlitSpriteMaterial.uasset" 403
"../../../Engine/Content/Functions/Engine_MaterialFunctions02/Utility/BreakOutFloat3Components.uasset" 404
"../../../Engine/Content/Functions/Engine_MaterialFunctions02/ObjectLocalBounds.uasset" 405
"../../Plugins/Editor/SpeedTreeImporter/Content/SpeedTree9/UnpackInteger3.uasset" 406
"../../Plugins/Editor/SpeedTreeImporter/Content/SpeedTree9/UnpackDirection.uasset" 407
"../../Plugins/Editor/SpeedTreeImporter/Content/SpeedTree9/game_wind_noise.uasset" 408
"../../../Engine/Content/Functions/Engine_MaterialFunctions02/SafeNormalize.uasset" 409
"../../Plugins/Editor/SpeedTreeImporter/Content/SpeedTree9/SpeedTreeWindMotion.uasset" 410
"../../Plugins/Editor/SpeedTreeImporter/Content/SpeedTree9/SpeedTreeBranchMotion.uasset" 411
"../../../Engine/Content/Functions/Engine_MaterialFunctions02/UVs/BoundingBoxBased_0-1_UVW.uasset" 412
"../../Plugins/Editor/SpeedTreeImporter/Content/SpeedTree9/SpeedTreeWind.uasset" 413
"../../Plugins/Editor/SpeedTreeImporter/Content/SpeedTree9/SpeedTreeBillboard.uasset" 414
"../../../Engine/Content/EngineResources/DefaultTexture.uasset" 415
"../../Plugins/Editor/SpeedTreeImporter/Content/SpeedTree9/SpeedTreeBillboardMaster.uasset" 416
"../../Plugins/Editor/SpeedTreeImporter/Content/SpeedTree9/SpeedTreeCameraFacing.uasset" 417
"../../Plugins/Editor/SpeedTreeImporter/Content/SpeedTree9/SpeedTreeMaster.uasset" 418
"../../../Engine/Content/ArtTools/RenderToTexture/Materials/Debug/M_Emissive_Color.uasset" 419
"../../../Engine/Content/BasicShapes/Cylinder.uasset" 420
"../../Plugins/Lumin/MagicLeapPassableWorld/Content/MagicLeapARPinInfoActor.uasset" 421
"../../../Engine/Content/Functions/Engine_MaterialFunctions02/Utility/BreakOutFloat4Components.uasset" 422
"../../../Engine/Content/Functions/Engine_MaterialFunctions02/Utility/MakeFloat3.uasset" 423
"../../Plugins/Runtime/Oculus/OculusVR/Content/Materials/OculusMR_ChromaKey.uasset" 424
"../../Plugins/Runtime/Oculus/OculusVR/Content/Materials/OculusMR_OpaqueColoredMaterial.uasset" 425
"../../Plugins/Runtime/Oculus/OculusVR/Content/Materials/PokeAHoleMaterial.uasset" 426
"../../../../../../Users/XetalEngine/Documents/Unreal Projects/XetalOnline/Content/Geometry/Meshes/TemplateFloor.uasset" 427
"../../../../../../Users/XetalEngine/Documents/Unreal Projects/XetalOnline/Content/Geometry/Meshes/1M_Cube.uasset" 428
"../../../Engine/Content/EngineSky/T_Sky_Stars.uasset" 429
"../../../Engine/Content/EngineSky/T_Sky_Clouds_M.uasset" 430
"../../../Engine/Content/EngineSky/T_Sky_Blue.uasset" 431
"../../../Engine/Content/EngineSky/M_Sky_Panning_Clouds2.uasset" 432
"../../../../../../Users/XetalEngine/Documents/Unreal Projects/XetalOnline/Content/BluePrints/GamePlay/GamePlayPC.uasset" 433
"../../../../../../Users/XetalEngine/Documents/Unreal Projects/XetalOnline/Content/BluePrints/GamePlay/GamePlayGM.uasset" 434
"../../../Engine/Content/EngineSky/SM_SkySphere.uasset" 435
"../../../Engine/Content/EngineSky/C_Sky_Zenith_Color.uasset" 436
"../../../Engine/Content/EngineSky/C_Sky_Horizon_Color.uasset" 437
"../../../Engine/Content/EngineSky/C_Sky_Cloud_Color.uasset" 438
"../../../Engine/Content/EngineSky/BP_Sky_Sphere.uasset" 439
"../../../../../../Users/XetalEngine/Documents/Unreal Projects/XetalOnline/Content/Maps/Arena01.umap" 440
"../../../../../../Users/XetalEngine/Documents/Unreal Projects/XetalOnline/Content/Maps/Arena02.umap" 441
"../../../Engine/Content/MapTemplates/SM_Template_Map_Floor.uasset" 442
"../../../../../../Users/XetalEngine/Documents/Unreal Projects/XetalOnline/Content/UI/MainMenu/ServerMenu.uasset" 443
"../../../../../../Users/XetalEngine/Documents/Unreal Projects/XetalOnline/Content/Textures/BarbarusTN.uasset" 444
"../../../../../../Users/XetalEngine/Documents/Unreal Projects/XetalOnline/Content/StarterContent/Textures/T_Ceramic_Tile_M.uasset" 445
"../../../../../../Users/XetalEngine/Documents/Unreal Projects/XetalOnline/Content/StarterContent/Textures/T_Brick_Cut_Stone_D.uasset" 446
"../../../../../../Users/XetalEngine/Documents/Unreal Projects/XetalOnline/Content/StarterContent/Textures/T_Brick_Clay_Old_D.uasset" 447
"../../../../../../Users/XetalEngine/Documents/Unreal Projects/XetalOnline/Content/InfinityBladeWarriors/Character/CompleteCharacters/Textures_Materials/CharM_Cardboard/Char_M_Cardboard_Skin_Mask.uasset" 448
"../../../../../../Users/XetalEngine/Documents/Unreal Projects/XetalOnline/Content/InfinityBladeWarriors/Character/CompleteCharacters/Textures_Materials/CharM_Cardboard/Char_M_Cardboard_D.uasset" 449
"../../../../../../Users/XetalEngine/Documents/Unreal Projects/XetalOnline/Content/BluePrints/AllLevels/PlayerInfo.uasset" 450
"../../../../../../Users/XetalEngine/Documents/Unreal Projects/XetalOnline/Content/BluePrints/AllLevels/PlayerSaveGame.uasset" 451
"../../../../../../Users/XetalEngine/Documents/Unreal Projects/XetalOnline/Content/UI/MainMenu/OptionsMenu.uasset" 452
"../../../../../../Users/XetalEngine/Documents/Unreal Projects/XetalOnline/Content/Textures/XetalEngine.uasset" 453
"../../../../../../Users/XetalEngine/Documents/Unreal Projects/XetalOnline/Content/Music/VideoMediaPlayer.uasset" 454
"../../../../../../Users/XetalEngine/Documents/Unreal Projects/XetalOnline/Content/Music/VideoMediaPlayer_Video.uasset" 455
"../../../../../../Users/XetalEngine/Documents/Unreal Projects/XetalOnline/Content/Music/VideoPlayerMaterial.uasset" 456
"../../../../../../Users/XetalEngine/Documents/Unreal Projects/XetalOnline/Content/Music/Background.uasset" 457
"../../../../../../Users/XetalEngine/Documents/Unreal Projects/XetalOnline/Content/UI/MainMenu/MainMenu.uasset" 458
"../../../../../../Users/XetalEngine/Documents/Unreal Projects/XetalOnline/Content/UI/MainMenu/HostMenu.uasset" 459
"../../../../../../Users/XetalEngine/Documents/Unreal Projects/XetalOnline/Content/UI/AllLevels/LoadingScreen.uasset" 460
"../../../../../../Users/XetalEngine/Documents/Unreal Projects/XetalOnline/Content/BluePrints/AllLevels/GameInfoIntance.uasset" 461
"../../../../../../Users/XetalEngine/Documents/Unreal Projects/XetalOnline/Content/Textures/Arena01_TN.uasset" 462
"../../../../../../Users/XetalEngine/Documents/Unreal Projects/XetalOnline/Content/UI/Lobby/GameSettings.uasset" 463
"../../../../../../Users/XetalEngine/Documents/Unreal Projects/XetalOnline/Content/UI/Lobby/ConnectedPlayer.uasset" 464
"../../../../../../Users/XetalEngine/Documents/Unreal Projects/XetalOnline/Content/UI/Lobby/CharacterSelect.uasset" 465
"../../../../../../Users/XetalEngine/Documents/Unreal Projects/XetalOnline/Content/UI/AllLevels/ChatWindow.uasset" 466
"../../../../../../Users/XetalEngine/Documents/Unreal Projects/XetalOnline/Content/UI/Lobby/LobbyMenu.uasset" 467
"../../../../../../Users/XetalEngine/Documents/Unreal Projects/XetalOnline/Content/BluePrints/Lobby/LobbyPC.uasset" 468
"../../../Engine/Content/EditorBlueprintResources/ActorMacros.uasset" 469
"../../../../../../Users/XetalEngine/Documents/Unreal Projects/XetalOnline/Content/BluePrints/Lobby/LobbyGM.uasset" 470
"../../../../../../Users/XetalEngine/Documents/Unreal Projects/XetalOnline/Content/Maps/Lobby.umap" 471
"../../../../../../Users/XetalEngine/Documents/Unreal Projects/XetalOnline/Content/Maps/MainMenu_BuiltData.uasset" 472
"../../../../../../Users/XetalEngine/Documents/Unreal Projects/XetalOnline/Content/Maps/MainMenu.umap" 473
"../../../../../../Users/XetalEngine/Documents/Unreal Projects/XetalOnline/Content/Maps/TravelMap.umap" 474
"../../../../../../Users/XetalEngine/Documents/Unreal Projects/XetalOnline/Content/InfinityBladeWarriors/Maps/LevelContent/HDRI/HDRI_Epic_Courtyard_Daylight.uasset" 475
"../../../../../../Users/XetalEngine/Documents/Unreal Projects/XetalOnline/Content/InfinityBladeWarriors/Maps/LevelContent/Architecture/T_MeterGrid_01_M.uasset" 476
"../../../Engine/Content/Functions/Engine_MaterialFunctions01/Density/ExponentialDensity.uasset" 477
"../../../Engine/Content/Functions/Engine_MaterialFunctions01/Gradient/RadialGradientExponential.uasset" 478
"../../../../../../Users/XetalEngine/Documents/Unreal Projects/XetalOnline/Content/InfinityBladeWarriors/Maps/LevelContent/Architecture/M_CycRoom_01.uasset" 479
"../../../../../../Users/XetalEngine/Documents/Unreal Projects/XetalOnline/Content/InfinityBladeWarriors/Maps/LevelContent/Architecture/SM_CycRoom_01.uasset" 480
"../../../Engine/Content/MapTemplates/lut/LUT_Daytime.uasset" 481
"../../../Engine/Content/BasicShapes/Cube.uasset" 482
"../../../../../../Users/XetalEngine/Documents/Unreal Projects/XetalOnline/Content/InfinityBladeWarriors/Maps/LevelContent/Architecture/M_CycWall_01.uasset" 483
"../../../../../../Users/XetalEngine/Documents/Unreal Projects/XetalOnline/Content/InfinityBladeWarriors/Maps/LevelContent/Architecture/M_1Meter_01.uasset" 484
"../../../../../../Users/XetalEngine/Documents/Unreal Projects/XetalOnline/Content/InfinityBladeWarriors/Maps/LevelContent/Architecture/SM_1Meter_01.uasset" 485
"../../../Engine/Content/BasicShapes/BasicShapeMaterial.uasset" 486
"../../../../../../Users/XetalEngine/Documents/Unreal Projects/XetalOnline/Content/InfinityBladeWarriors/Character/CompleteCharacters/Textures_Materials/CharM_Warrior/T_CharM_Warrior_D.uasset" 487
"../../../../../../Users/XetalEngine/Documents/Unreal Projects/XetalOnline/Content/InfinityBladeWarriors/Character/CompleteCharacters/Textures_Materials/CharM_Warrior/M_Char_Warrior.uasset" 488
"../../../../../../Users/XetalEngine/Documents/Unreal Projects/XetalOnline/Content/InfinityBladeWarriors/Character/CompleteCharacters/Textures_Materials/CharM_Tusk/T_CharM_Talon_D.uasset" 489
"../../../../../../Users/XetalEngine/Documents/Unreal Projects/XetalOnline/Content/InfinityBladeWarriors/Character/CompleteCharacters/Textures_Materials/CharM_Tusk/M_Char_Talon.uasset" 490
"../../../../../../Users/XetalEngine/Documents/Unreal Projects/XetalOnline/Content/InfinityBladeWarriors/Character/CompleteCharacters/Textures_Materials/CharM_Tusk/T_CharM_Horn_D.uasset" 491
"../../../../../../Users/XetalEngine/Documents/Unreal Projects/XetalOnline/Content/InfinityBladeWarriors/Character/CompleteCharacters/Textures_Materials/CharM_Tusk/M_Char_Horn.uasset" 492
"../../../../../../Users/XetalEngine/Documents/Unreal Projects/XetalOnline/Content/InfinityBladeWarriors/Character/CompleteCharacters/Textures_Materials/CharM_Standard/T_CharM_Standard_Elite_D.uasset" 493
"../../../../../../Users/XetalEngine/Documents/Unreal Projects/XetalOnline/Content/InfinityBladeWarriors/Character/CompleteCharacters/Textures_Materials/CharM_Standard/T_CharM_Standard_N.uasset" 494
"../../../../../../Users/XetalEngine/Documents/Unreal Projects/XetalOnline/Content/InfinityBladeWarriors/Character/CompleteCharacters/Textures_Materials/CharM_Standard/T_CharM_Standard_Mask.uasset" 495
"../../../../../../Users/XetalEngine/Documents/Unreal Projects/XetalOnline/Content/InfinityBladeWarriors/Character/CompleteCharacters/Textures_Materials/CharM_Standard/M_Char_Standard_Elite.uasset" 496
"../../../../../../Users/XetalEngine/Documents/Unreal Projects/XetalOnline/Content/InfinityBladeWarriors/Character/CompleteCharacters/Textures_Materials/CharM_Standard/T_CharM_Standard_D.uasset" 497
"../../../../../../Users/XetalEngine/Documents/Unreal Projects/XetalOnline/Content/InfinityBladeWarriors/Character/CompleteCharacters/Textures_Materials/CharM_Standard/M_Char_Standard.uasset" 498
"../../../../../../Users/XetalEngine/Documents/Unreal Projects/XetalOnline/Content/InfinityBladeWarriors/Character/CompleteCharacters/SK_CharM_Standard.uasset" 499
"../../../../../../Users/XetalEngine/Documents/Unreal Projects/XetalOnline/Content/InfinityBladeWarriors/Character/CompleteCharacters/Textures_Materials/CharM_solid/T_CharM_solid_N.uasset" 500
"../../../../../../Users/XetalEngine/Documents/Unreal Projects/XetalOnline/Content/InfinityBladeWarriors/Character/CompleteCharacters/Textures_Materials/CharM_solid/T_CharM_solid_Mask.uasset" 501
"../../../../../../Users/XetalEngine/Documents/Unreal Projects/XetalOnline/Content/InfinityBladeWarriors/Character/CompleteCharacters/Textures_Materials/CharM_solid/T_CharM_solid_D.uasset" 502
"../../../../../../Users/XetalEngine/Documents/Unreal Projects/XetalOnline/Content/InfinityBladeWarriors/Character/CompleteCharacters/Textures_Materials/CharM_solid/M_Char_Solid.uasset" 503
"../../../../../../Users/XetalEngine/Documents/Unreal Projects/XetalOnline/Content/InfinityBladeWarriors/Character/CompleteCharacters/SK_CharM_solid.uasset" 504
"../../../../../../Users/XetalEngine/Documents/Unreal Projects/XetalOnline/Content/InfinityBladeWarriors/Character/CompleteCharacters/Textures_Materials/CharM_Shell/T_CharM_Shell_N.uasset" 505
"../../../../../../Users/XetalEngine/Documents/Unreal Projects/XetalOnline/Content/InfinityBladeWarriors/Character/CompleteCharacters/Textures_Materials/CharM_Shell/T_CharM_Shell_Mask.uasset" 506
"../../../../../../Users/XetalEngine/Documents/Unreal Projects/XetalOnline/Content/InfinityBladeWarriors/Character/CompleteCharacters/Textures_Materials/CharM_Shell/T_CharM_Shell_D.uasset" 507
"../../../../../../Users/XetalEngine/Documents/Unreal Projects/XetalOnline/Content/InfinityBladeWarriors/Character/CompleteCharacters/Textures_Materials/CharM_Shell/M_Char_Shell.uasset" 508
"../../../../../../Users/XetalEngine/Documents/Unreal Projects/XetalOnline/Content/InfinityBladeWarriors/Character/CompleteCharacters/SK_CharM_Shell.uasset" 509
"../../../../../../Users/XetalEngine/Documents/Unreal Projects/XetalOnline/Content/InfinityBladeWarriors/Character/CompleteCharacters/Textures_Materials/CharM_Ram/T_CharM_Ram_N.uasset" 510
"../../../../../../Users/XetalEngine/Documents/Unreal Projects/XetalOnline/Content/InfinityBladeWarriors/Character/CompleteCharacters/Textures_Materials/CharM_Ram/T_CharM_Ram_B_Mask.uasset" 511
"../../../../../../Users/XetalEngine/Documents/Unreal Projects/XetalOnline/Content/InfinityBladeWarriors/Character/CompleteCharacters/Textures_Materials/CharM_Ram/T_CharM_Ram_B_D.uasset" 512
"../../../Engine/Content/Functions/Engine_MaterialFunctions02/ExampleContent/Textures/LowResBlurredNoise.uasset" 513
"../../../../../../Users/XetalEngine/Documents/Unreal Projects/XetalOnline/Content/InfinityBladeWarriors/Character/CompleteCharacters/Textures_Materials/CharM_Ram/M_Char_Ram.uasset" 514
"../../../../../../Users/XetalEngine/Documents/Unreal Projects/XetalOnline/Content/InfinityBladeWarriors/Character/CompleteCharacters/SK_CharM_Ram.uasset" 515
"../../../../../../Users/XetalEngine/Documents/Unreal Projects/XetalOnline/Content/InfinityBladeWarriors/Character/CompleteCharacters/Textures_Materials/CharM_Ragged/T_CharM_Ragged_Elite.uasset" 516
"../../../../../../Users/XetalEngine/Documents/Unreal Projects/XetalOnline/Content/InfinityBladeWarriors/Character/CompleteCharacters/Textures_Materials/CharM_Ragged/T_CharM_Ragged_N.uasset" 517
"../../../../../../Users/XetalEngine/Documents/Unreal Projects/XetalOnline/Content/InfinityBladeWarriors/Character/CompleteCharacters/Textures_Materials/CharM_Ragged/T_CharM_Ragged_Elite_Mask.uasset" 518
"../../../../../../Users/XetalEngine/Documents/Unreal Projects/XetalOnline/Content/InfinityBladeWarriors/Character/CompleteCharacters/Textures_Materials/CharM_Ragged/M_Char_RaggedElite.uasset" 519
"../../../../../../Users/XetalEngine/Documents/Unreal Projects/XetalOnline/Content/InfinityBladeWarriors/Character/CompleteCharacters/SK_CharM_RaggedElite.uasset" 520
"../../../../../../Users/XetalEngine/Documents/Unreal Projects/XetalOnline/Content/InfinityBladeWarriors/Character/CompleteCharacters/Textures_Materials/CharM_Ragged/T_CharM_Ragged_D.uasset" 521
"../../../../../../Users/XetalEngine/Documents/Unreal Projects/XetalOnline/Content/InfinityBladeWarriors/Character/CompleteCharacters/Textures_Materials/CharM_Ragged/M_Char_Ragged.uasset" 522
"../../../../../../Users/XetalEngine/Documents/Unreal Projects/XetalOnline/Content/InfinityBladeWarriors/Character/CompleteCharacters/SK_CharM_Ragged0.uasset" 523
"../../../../../../Users/XetalEngine/Documents/Unreal Projects/XetalOnline/Content/InfinityBladeWarriors/Character/CompleteCharacters/Textures_Materials/CharM_Golden/T_CharM_Golden_N.uasset" 524
"../../../../../../Users/XetalEngine/Documents/Unreal Projects/XetalOnline/Content/InfinityBladeWarriors/Character/CompleteCharacters/Textures_Materials/CharM_Golden/T_CharM_Golden_Mask.uasset" 525
"../../../../../../Users/XetalEngine/Documents/Unreal Projects/XetalOnline/Content/InfinityBladeWarriors/Character/CompleteCharacters/Textures_Materials/CharM_Golden/T_CharM_Golden_D.uasset" 526
"../../../../../../Users/XetalEngine/Documents/Unreal Projects/XetalOnline/Content/InfinityBladeWarriors/Character/CompleteCharacters/Textures_Materials/CharM_Golden/M_Char_Golden.uasset" 527
"../../../../../../Users/XetalEngine/Documents/Unreal Projects/XetalOnline/Content/InfinityBladeWarriors/Character/CompleteCharacters/SK_CharM_Golden.uasset" 528
"../../../../../../Users/XetalEngine/Documents/Unreal Projects/XetalOnline/Content/InfinityBladeWarriors/Character/CompleteCharacters/Textures_Materials/CharM_Cardboard/Char_M_Cardboard_N.uasset" 529
"../../../../../../Users/XetalEngine/Documents/Unreal Projects/XetalOnline/Content/InfinityBladeWarriors/Character/CompleteCharacters/Textures_Materials/CharM_Cardboard/M_Char_Cardboard.uasset" 530
"../../../../../../Users/XetalEngine/Documents/Unreal Projects/XetalOnline/Content/InfinityBladeWarriors/Character/CompleteCharacters/SK_CharM_Cardboard.uasset" 531
"../../../../../../Users/XetalEngine/Documents/Unreal Projects/XetalOnline/Content/InfinityBladeWarriors/Character/CompleteCharacters/Textures_Materials/CharM_Bladed/M_CharM_Bladed.uasset" 532
"../../../../../../Users/XetalEngine/Documents/Unreal Projects/XetalOnline/Content/InfinityBladeWarriors/Character/CompleteCharacters/SK_CharM_Bladed.uasset" 533
"../../../../../../Users/XetalEngine/Documents/Unreal Projects/XetalOnline/Content/InfinityBladeWarriors/Maps/Overview.umap" 534
"../../../Engine/Content/MapTemplates/Sky/DaylightAmbientCubemap.uasset" 535
"../../../../../../Users/XetalEngine/Documents/Unreal Projects/XetalOnline/Content/StarterContent/Blueprints/Assets/M_LightStage_Skybox_Master.uasset" 536
"../../../../../../Users/XetalEngine/Documents/Unreal Projects/XetalOnline/Content/StarterContent/Blueprints/Assets/M_LightStage_Skybox_HDRI.uasset" 537
"../../../../../../Users/XetalEngine/Documents/Unreal Projects/XetalOnline/Content/StarterContent/HDRI/HDRI_Epic_Courtyard_Daylight.uasset" 538
"../../../Engine/Content/EditorMeshes/ColorCalibrator/M_GreyBall.uasset" 539
"../../../Engine/Content/EditorMeshes/ColorCalibrator/Color_checker.uasset" 540
"../../../Engine/Content/EditorMeshes/ColorCalibrator/M_ColorGrid.uasset" 541
"../../../Engine/Content/EditorMeshes/ColorCalibrator/M_ClearCoatBlack.uasset" 542
"../../../Engine/Content/EditorMeshes/ColorCalibrator/M_ClearCoat.uasset" 543
"../../../Engine/Content/EditorMeshes/ColorCalibrator/M_ChromeBall.uasset" 544
"../../../Engine/Content/EditorMeshes/ColorCalibrator/SM_ColorCalibrator.uasset" 545
"../../../../../../Users/XetalEngine/Documents/Unreal Projects/XetalOnline/Content/StarterContent/Maps/Advanced_Lighting_BuiltData.uasset" 546
"../../../../../../Users/XetalEngine/Documents/Unreal Projects/XetalOnline/Content/StarterContent/Blueprints/Assets/M_LightStage_Arrows.uasset" 547
"../../../Engine/Content/EditorMaterials/Thumbnails/SkySphereMaterial.uasset" 548
"../../../../../../Users/XetalEngine/Documents/Unreal Projects/XetalOnline/Content/StarterContent/Blueprints/Assets/Skybox.uasset" 549
"../../../../../../Users/XetalEngine/Documents/Unreal Projects/XetalOnline/Content/StarterContent/Blueprints/Assets/SM_Arrows.uasset" 550
"../../../../../../Users/XetalEngine/Documents/Unreal Projects/XetalOnline/Content/StarterContent/Blueprints/Assets/SunlightColorLUT.uasset" 551
"../../../../../../Users/XetalEngine/Documents/Unreal Projects/XetalOnline/Content/StarterContent/Blueprints/Assets/M_LightStage_Skybox_Black.uasset" 552
"../../../../../../Users/XetalEngine/Documents/Unreal Projects/XetalOnline/Content/StarterContent/Blueprints/Assets/FogBrightnessLUT.uasset" 553
"../../../../../../Users/XetalEngine/Documents/Unreal Projects/XetalOnline/Content/StarterContent/Blueprints/BP_LightStudio.uasset" 554
"../../../../../../Users/XetalEngine/Documents/Unreal Projects/XetalOnline/Content/StarterContent/Materials/M_AssetPlatform.uasset" 555
"../../../../../../Users/XetalEngine/Documents/Unreal Projects/XetalOnline/Content/StarterContent/Architecture/SM_AssetPlatform.uasset" 556
"../../../../../../Users/XetalEngine/Documents/Unreal Projects/XetalOnline/Content/StarterContent/Maps/Advanced_Lighting.umap" 557
"../../../../../../Users/XetalEngine/Documents/Unreal Projects/XetalOnline/Content/StarterContent/Textures/T_Metal_Gold_N.uasset" 558
"../../../../../../Users/XetalEngine/Documents/Unreal Projects/XetalOnline/Content/StarterContent/Textures/T_Metal_Aluminum_D.uasset" 559
"../../../../../../Users/XetalEngine/Documents/Unreal Projects/XetalOnline/Content/StarterContent/Textures/T_MacroVariation.uasset" 560
"../../../../../../Users/XetalEngine/Documents/Unreal Projects/XetalOnline/Content/StarterContent/Materials/M_Metal_Burnished_Steel.uasset" 561
"../../../../../../Users/XetalEngine/Documents/Unreal Projects/XetalOnline/Content/StarterContent/Materials/M_Metal_Brushed_Nickel.uasset" 562
"../../../../../../Users/XetalEngine/Documents/Unreal Projects/XetalOnline/Content/StarterContent/Textures/T_Metal_Copper_D.uasset" 563
"../../../../../../Users/XetalEngine/Documents/Unreal Projects/XetalOnline/Content/StarterContent/Materials/M_Metal_Copper.uasset" 564
"../../../../../../Users/XetalEngine/Documents/Unreal Projects/XetalOnline/Content/StarterContent/Maps/Minimal_Default_BuiltData.uasset" 565
"../../../../../../Users/XetalEngine/Documents/Unreal Projects/XetalOnline/Content/StarterContent/Textures/T_TableRound_N.uasset" 566
"../../../../../../Users/XetalEngine/Documents/Unreal Projects/XetalOnline/Content/StarterContent/Textures/T_TableRound_M.uasset" 567
"../../../../../../Users/XetalEngine/Documents/Unreal Projects/XetalOnline/Content/StarterContent/Props/Materials/M_TableRound.uasset" 568
"../../../../../../Users/XetalEngine/Documents/Unreal Projects/XetalOnline/Content/StarterContent/Props/SM_TableRound.uasset" 569
"../../../../../../Users/XetalEngine/Documents/Unreal Projects/XetalOnline/Content/StarterContent/Textures/T_Statue_N.uasset" 570
"../../../../../../Users/XetalEngine/Documents/Unreal Projects/XetalOnline/Content/StarterContent/Textures/T_Statue_M.uasset" 571
"../../../../../../Users/XetalEngine/Documents/Unreal Projects/XetalOnline/Content/StarterContent/Props/Materials/M_Statue.uasset" 572
"../../../../../../Users/XetalEngine/Documents/Unreal Projects/XetalOnline/Content/StarterContent/Props/Materials/M_StatueGlass.uasset" 573
"../../../../../../Users/XetalEngine/Documents/Unreal Projects/XetalOnline/Content/StarterContent/Props/SM_Statue.uasset" 574
"../../../../../../Users/XetalEngine/Documents/Unreal Projects/XetalOnline/Content/StarterContent/Props/SM_Chair.uasset" 575
"../../../../../../Users/XetalEngine/Documents/Unreal Projects/XetalOnline/Content/StarterContent/Audio/Starter_Background_Cue.uasset" 576
"../../../../../../Users/XetalEngine/Documents/Unreal Projects/XetalOnline/Content/StarterContent/Architecture/Floor_400x400.uasset" 577
"../../../../../../Users/XetalEngine/Documents/Unreal Projects/XetalOnline/Content/StarterContent/Maps/Minimal_Default.umap" 578
"../../../../../../Users/XetalEngine/Documents/Unreal Projects/XetalOnline/Content/StarterContent/Shapes/Shape_Sphere.uasset" 579
"../../../../../../Users/XetalEngine/Documents/Unreal Projects/XetalOnline/Content/StarterContent/Shapes/Shape_QuadPyramid.uasset" 580
"../../../../../../Users/XetalEngine/Documents/Unreal Projects/XetalOnline/Content/StarterContent/Shapes/Shape_Cube.uasset" 581
"../../../../../../Users/XetalEngine/Documents/Unreal Projects/XetalOnline/Content/StarterContent/Textures/T_Frame_N.uasset" 582
"../../../../../../Users/XetalEngine/Documents/Unreal Projects/XetalOnline/Content/StarterContent/Textures/T_Frame_M.uasset" 583
"../../../../../../Users/XetalEngine/Documents/Unreal Projects/XetalOnline/Content/StarterContent/Props/Materials/M_Frame.uasset" 584
"../../../../../../Users/XetalEngine/Documents/Unreal Projects/XetalOnline/Content/StarterContent/Props/SM_WindowFrame.uasset" 585
"../../../../../../Users/XetalEngine/Documents/Unreal Projects/XetalOnline/Content/StarterContent/Props/SM_PillarFrame300.uasset" 586
"../../../../../../Users/XetalEngine/Documents/Unreal Projects/XetalOnline/Content/StarterContent/Props/SM_PillarFrame.uasset" 587
"../../../../../../Users/XetalEngine/Documents/Unreal Projects/XetalOnline/Content/StarterContent/Props/SM_GlassWindow.uasset" 588
"../../../../../../Users/XetalEngine/Documents/Unreal Projects/XetalOnline/Content/StarterContent/Props/SM_DoorFrame.uasset" 589
"../../../../../../Users/XetalEngine/Documents/Unreal Projects/XetalOnline/Content/StarterContent/Props/SM_CornerFrame.uasset" 590
"../../../../../../Users/XetalEngine/Documents/Unreal Projects/XetalOnline/Content/StarterContent/Props/MaterialSphere.uasset" 591
"../../../../../../Users/XetalEngine/Documents/Unreal Projects/XetalOnline/Content/StarterContent/Textures/T_Dust_Particle_D.uasset" 592
"../../../../../../Users/XetalEngine/Documents/Unreal Projects/XetalOnline/Content/StarterContent/Particles/Materials/M_Dust_Particle.uasset" 593
"../../../../../../Users/XetalEngine/Documents/Unreal Projects/XetalOnline/Content/StarterContent/Particles/P_Ambient_Dust.uasset" 594
"../../../../../../Users/XetalEngine/Documents/Unreal Projects/XetalOnline/Content/StarterContent/Textures/T_Wood_Walnut_N.uasset" 595
"../../../../../../Users/XetalEngine/Documents/Unreal Projects/XetalOnline/Content/StarterContent/Textures/T_Wood_Walnut_D.uasset" 596
"../../../../../../Users/XetalEngine/Documents/Unreal Projects/XetalOnline/Content/StarterContent/Materials/M_Wood_Walnut.uasset" 597
"../../../../../../Users/XetalEngine/Documents/Unreal Projects/XetalOnline/Content/StarterContent/Textures/T_Wood_Pine_N.uasset" 598
"../../../../../../Users/XetalEngine/Documents/Unreal Projects/XetalOnline/Content/StarterContent/Textures/T_Wood_Pine_D.uasset" 599
"../../../../../../Users/XetalEngine/Documents/Unreal Projects/XetalOnline/Content/StarterContent/Textures/T_Perlin_Noise_M.uasset" 600
"../../../../../../Users/XetalEngine/Documents/Unreal Projects/XetalOnline/Content/StarterContent/Materials/M_Wood_Pine.uasset" 601
"../../../../../../Users/XetalEngine/Documents/Unreal Projects/XetalOnline/Content/StarterContent/Textures/T_Wood_Oak_N.uasset" 602
"../../../../../../Users/XetalEngine/Documents/Unreal Projects/XetalOnline/Content/StarterContent/Textures/T_Wood_Oak_D.uasset" 603
"../../../../../../Users/XetalEngine/Documents/Unreal Projects/XetalOnline/Content/StarterContent/Materials/M_Wood_Oak.uasset" 604
"../../../Engine/Content/Functions/Engine_MaterialFunctions01/Opacity/AlphaOffset.uasset" 605
"../../../../../../Users/XetalEngine/Documents/Unreal Projects/XetalOnline/Content/StarterContent/Textures/T_Wood_Floor_Walnut_N.uasset" 606
"../../../../../../Users/XetalEngine/Documents/Unreal Projects/XetalOnline/Content/StarterContent/Textures/T_Wood_Floor_Walnut_M.uasset" 607
"../../../../../../Users/XetalEngine/Documents/Unreal Projects/XetalOnline/Content/StarterContent/Textures/T_Wood_Floor_Walnut_D.uasset" 608
"../../../../../../Users/XetalEngine/Documents/Unreal Projects/XetalOnline/Content/StarterContent/Materials/M_Wood_Floor_Walnut_Worn.uasset" 609
"../../../../../../Users/XetalEngine/Documents/Unreal Projects/XetalOnline/Content/StarterContent/Materials/M_Wood_Floor_Walnut_Polished.uasset" 610
"../../../../../../Users/XetalEngine/Documents/Unreal Projects/XetalOnline/Content/StarterContent/Textures/T_Water_M.uasset" 611
"../../../../../../Users/XetalEngine/Documents/Unreal Projects/XetalOnline/Content/StarterContent/Textures/T_Water_N.uasset" 612
"../../../../../../Users/XetalEngine/Documents/Unreal Projects/XetalOnline/Content/StarterContent/Materials/M_Water_Ocean.uasset" 613
"../../../../../../Users/XetalEngine/Documents/Unreal Projects/XetalOnline/Content/StarterContent/Materials/M_Water_Lake.uasset" 614
"../../../../../../Users/XetalEngine/Documents/Unreal Projects/XetalOnline/Content/StarterContent/Textures/T_Tech_Panel_N.uasset" 615
"../../../../../../Users/XetalEngine/Documents/Unreal Projects/XetalOnline/Content/StarterContent/Textures/T_Tech_Panel_M.uasset" 616
"../../../../../../Users/XetalEngine/Documents/Unreal Projects/XetalOnline/Content/StarterContent/Textures/T_Metal_Steel_D.uasset" 617
"../../../../../../Users/XetalEngine/Documents/Unreal Projects/XetalOnline/Content/StarterContent/Materials/M_Tech_Panel.uasset" 618
"../../../../../../Users/XetalEngine/Documents/Unreal Projects/XetalOnline/Content/StarterContent/Textures/T_Tech_Hex_Tile_N.uasset" 619
"../../../../../../Users/XetalEngine/Documents/Unreal Projects/XetalOnline/Content/StarterContent/Textures/T_Tech_Hex_Tile_M.uasset" 620
"../../../../../../Users/XetalEngine/Documents/Unreal Projects/XetalOnline/Content/StarterContent/Materials/M_Tech_Hex_Tile_Pulse.uasset" 621
"../../../../../../Users/XetalEngine/Documents/Unreal Projects/XetalOnline/Content/StarterContent/Materials/M_Tech_Hex_Tile.uasset" 622
"../../../../../../Users/XetalEngine/Documents/Unreal Projects/XetalOnline/Content/StarterContent/Textures/T_Tech_Dot_N.uasset" 623
"../../../../../../Users/XetalEngine/Documents/Unreal Projects/XetalOnline/Content/StarterContent/Textures/T_Tech_Dot_M.uasset" 624
"../../../../../../Users/XetalEngine/Documents/Unreal Projects/XetalOnline/Content/StarterContent/Textures/T_Single_Tile_N.uasset" 625
"../../../../../../Users/XetalEngine/Documents/Unreal Projects/XetalOnline/Content/StarterContent/Textures/T_Checker_Noise_M.uasset" 626
"../../../../../../Users/XetalEngine/Documents/Unreal Projects/XetalOnline/Content/StarterContent/Materials/M_Tech_Checker_Dot.uasset" 627
"../../../../../../Users/XetalEngine/Documents/Unreal Projects/XetalOnline/Content/StarterContent/Textures/T_Rock_Slate_N.uasset" 628
"../../../../../../Users/XetalEngine/Documents/Unreal Projects/XetalOnline/Content/StarterContent/Textures/T_Rock_Slate_D.uasset" 629
"../../../../../../Users/XetalEngine/Documents/Unreal Projects/XetalOnline/Content/StarterContent/Materials/M_Rock_Slate.uasset" 630
"../../../../../../Users/XetalEngine/Documents/Unreal Projects/XetalOnline/Content/StarterContent/Textures/T_Rock_Sandstone_N.uasset" 631
"../../../../../../Users/XetalEngine/Documents/Unreal Projects/XetalOnline/Content/StarterContent/Textures/T_Rock_Sandstone_D.uasset" 632
"../../../../../../Users/XetalEngine/Documents/Unreal Projects/XetalOnline/Content/StarterContent/Materials/M_Rock_Sandstone.uasset" 633
"../../../../../../Users/XetalEngine/Documents/Unreal Projects/XetalOnline/Content/StarterContent/Textures/T_Rock_Marble_Polished_D.uasset" 634
"../../../../../../Users/XetalEngine/Documents/Unreal Projects/XetalOnline/Content/StarterContent/Materials/M_Rock_Marble_Polished.uasset" 635
"../../../../../../Users/XetalEngine/Documents/Unreal Projects/XetalOnline/Content/StarterContent/Textures/T_Rock_Basalt_N.uasset" 636
"../../../../../../Users/XetalEngine/Documents/Unreal Projects/XetalOnline/Content/StarterContent/Materials/M_Rock_Basalt.uasset" 637
"../../../../../../Users/XetalEngine/Documents/Unreal Projects/XetalOnline/Content/StarterContent/Textures/T_Metal_Steel_N.uasset" 638
"../../../../../../Users/XetalEngine/Documents/Unreal Projects/XetalOnline/Content/StarterContent/Materials/M_Metal_Steel.uasset" 639
"../../../../../../Users/XetalEngine/Documents/Unreal Projects/XetalOnline/Content/StarterContent/Textures/T_Metal_Rust_D.uasset" 640
"../../../../../../Users/XetalEngine/Documents/Unreal Projects/XetalOnline/Content/StarterContent/Textures/T_Metal_Rust_N.uasset" 641
"../../../../../../Users/XetalEngine/Documents/Unreal Projects/XetalOnline/Content/StarterContent/Materials/M_Metal_Rust.uasset" 642
"../../../../../../Users/XetalEngine/Documents/Unreal Projects/XetalOnline/Content/StarterContent/Textures/T_Metal_Gold_D.uasset" 643
"../../../../../../Users/XetalEngine/Documents/Unreal Projects/XetalOnline/Content/StarterContent/Materials/M_Metal_Gold.uasset" 644
"../../../../../../Users/XetalEngine/Documents/Unreal Projects/XetalOnline/Content/StarterContent/Materials/M_Metal_Chrome.uasset" 645
"../../../../../../Users/XetalEngine/Documents/Unreal Projects/XetalOnline/Content/StarterContent/Textures/T_Ground_Moss_N.uasset" 646
"../../../../../../Users/XetalEngine/Documents/Unreal Projects/XetalOnline/Content/StarterContent/Textures/T_ground_Moss_D.uasset" 647
"../../../../../../Users/XetalEngine/Documents/Unreal Projects/XetalOnline/Content/StarterContent/Materials/M_Ground_Moss.uasset" 648
"../../../../../../Users/XetalEngine/Documents/Unreal Projects/XetalOnline/Content/StarterContent/Textures/T_Ground_Gravel_N.uasset" 649
"../../../../../../Users/XetalEngine/Documents/Unreal Projects/XetalOnline/Content/StarterContent/Textures/T_Ground_Gravel_D.uasset" 650
"../../../../../../Users/XetalEngine/Documents/Unreal Projects/XetalOnline/Content/StarterContent/Materials/M_Ground_Gravel.uasset" 651
"../../../../../../Users/XetalEngine/Documents/Unreal Projects/XetalOnline/Content/StarterContent/Textures/T_Ground_Grass_N.uasset" 652
"../../../../../../Users/XetalEngine/Documents/Unreal Projects/XetalOnline/Content/StarterContent/Textures/T_Ground_Grass_D.uasset" 653
"../../../../../../Users/XetalEngine/Documents/Unreal Projects/XetalOnline/Content/StarterContent/Materials/M_Ground_Grass.uasset" 654
"../../../../../../Users/XetalEngine/Documents/Unreal Projects/XetalOnline/Content/StarterContent/Textures/T_Concrete_Tiles_Variation_M.uasset" 655
"../../../../../../Users/XetalEngine/Documents/Unreal Projects/XetalOnline/Content/StarterContent/Textures/T_Concrete_Tiles_N.uasset" 656
"../../../../../../Users/XetalEngine/Documents/Unreal Projects/XetalOnline/Content/StarterContent/Textures/T_Concrete_Tiles_M.uasset" 657
"../../../../../../Users/XetalEngine/Documents/Unreal Projects/XetalOnline/Content/StarterContent/Textures/T_Concrete_Tiles_D.uasset" 658
"../../../../../../Users/XetalEngine/Documents/Unreal Projects/XetalOnline/Content/StarterContent/Materials/M_Concrete_Tiles.uasset" 659
"../../../../../../Users/XetalEngine/Documents/Unreal Projects/XetalOnline/Content/StarterContent/Textures/T_Concrete_Panels_N.uasset" 660
"../../../../../../Users/XetalEngine/Documents/Unreal Projects/XetalOnline/Content/StarterContent/Textures/T_Concrete_Panels_D.uasset" 661
"../../../../../../Users/XetalEngine/Documents/Unreal Projects/XetalOnline/Content/StarterContent/Materials/M_Concrete_Panels.uasset" 662
"../../../../../../Users/XetalEngine/Documents/Unreal Projects/XetalOnline/Content/StarterContent/Textures/T_Concrete_Grime_D.uasset" 663
"../../../../../../Users/XetalEngine/Documents/Unreal Projects/XetalOnline/Content/StarterContent/Materials/M_Concrete_Grime.uasset" 664
"../../../../../../Users/XetalEngine/Documents/Unreal Projects/XetalOnline/Content/StarterContent/Textures/T_CobbleStone_Smooth_N.uasset" 665
"../../../../../../Users/XetalEngine/Documents/Unreal Projects/XetalOnline/Content/StarterContent/Textures/T_CobbleStone_Smooth_M.uasset" 666
"../../../../../../Users/XetalEngine/Documents/Unreal Projects/XetalOnline/Content/StarterContent/Textures/T_CobbleStone_Smooth_D.uasset" 667
"../../../../../../Users/XetalEngine/Documents/Unreal Projects/XetalOnline/Content/StarterContent/Textures/T_Rock_Smooth_Granite_D.uasset" 668
"../../../../../../Users/XetalEngine/Documents/Unreal Projects/XetalOnline/Content/StarterContent/Textures/T_Gradinet_01.uasset" 669
"../../../../../../Users/XetalEngine/Documents/Unreal Projects/XetalOnline/Content/StarterContent/Materials/M_CobbleStone_Smooth.uasset" 670
"../../../../../../Users/XetalEngine/Documents/Unreal Projects/XetalOnline/Content/StarterContent/Textures/T_CobbleStone_Rough_N.uasset" 671
"../../../../../../Users/XetalEngine/Documents/Unreal Projects/XetalOnline/Content/StarterContent/Textures/T_CobbleStone_Rough_D.uasset" 672
"../../../../../../Users/XetalEngine/Documents/Unreal Projects/XetalOnline/Content/StarterContent/Materials/M_CobbleStone_Rough.uasset" 673
"../../../../../../Users/XetalEngine/Documents/Unreal Projects/XetalOnline/Content/StarterContent/Textures/T_CobbleStone_Pebble_N.uasset" 674
"../../../../../../Users/XetalEngine/Documents/Unreal Projects/XetalOnline/Content/StarterContent/Textures/T_CobbleStone_Pebble_M.uasset" 675
"../../../../../../Users/XetalEngine/Documents/Unreal Projects/XetalOnline/Content/StarterContent/Textures/T_CobbleStone_Pebble_D.uasset" 676
"../../../../../../Users/XetalEngine/Documents/Unreal Projects/XetalOnline/Content/StarterContent/Materials/M_CobbleStone_Pebble.uasset" 677
"../../../../../../Users/XetalEngine/Documents/Unreal Projects/XetalOnline/Content/StarterContent/Textures/T_Ceramic_Tile_N.uasset" 678
"../../../../../../Users/XetalEngine/Documents/Unreal Projects/XetalOnline/Content/StarterContent/Materials/M_Ceramic_Tile_Checker.uasset" 679
"../../../../../../Users/XetalEngine/Documents/Unreal Projects/XetalOnline/Content/StarterContent/Textures/T_Brick_Hewn_Stone_N.uasset" 680
"../../../../../../Users/XetalEngine/Documents/Unreal Projects/XetalOnline/Content/StarterContent/Textures/T_Brick_Hewn_Stone_M.uasset" 681
"../../../../../../Users/XetalEngine/Documents/Unreal Projects/XetalOnline/Content/StarterContent/Textures/T_Brick_Hewn_Stone_D.uasset" 682
"../../../../../../Users/XetalEngine/Documents/Unreal Projects/XetalOnline/Content/StarterContent/Materials/M_Brick_Hewn_Stone.uasset" 683
"../../../../../../Users/XetalEngine/Documents/Unreal Projects/XetalOnline/Content/StarterContent/Textures/T_Brick_Cut_Stone_N.uasset" 684
"../../../../../../Users/XetalEngine/Documents/Unreal Projects/XetalOnline/Content/StarterContent/Materials/M_Brick_Cut_Stone.uasset" 685
"../../../../../../Users/XetalEngine/Documents/Unreal Projects/XetalOnline/Content/StarterContent/Textures/T_Brick_Clay_Old_N.uasset" 686
"../../../../../../Users/XetalEngine/Documents/Unreal Projects/XetalOnline/Content/StarterContent/Materials/M_Brick_Clay_Old.uasset" 687
"../../../../../../Users/XetalEngine/Documents/Unreal Projects/XetalOnline/Content/StarterContent/Textures/T_Brick_Clay_New_N.uasset" 688
"../../../../../../Users/XetalEngine/Documents/Unreal Projects/XetalOnline/Content/StarterContent/Textures/T_Brick_Clay_New_M.uasset" 689
"../../../../../../Users/XetalEngine/Documents/Unreal Projects/XetalOnline/Content/StarterContent/Textures/T_Brick_Clay_New_D.uasset" 690
"../../../../../../Users/XetalEngine/Documents/Unreal Projects/XetalOnline/Content/StarterContent/Materials/M_Brick_Clay_New.uasset" 691
"../../../../../../Users/XetalEngine/Documents/Unreal Projects/XetalOnline/Content/StarterContent/Textures/T_Brick_Clay_Beveled_N.uasset" 692
"../../../../../../Users/XetalEngine/Documents/Unreal Projects/XetalOnline/Content/StarterContent/Textures/T_Brick_Clay_Beveled_M.uasset" 693
"../../../../../../Users/XetalEngine/Documents/Unreal Projects/XetalOnline/Content/StarterContent/Textures/T_Brick_Clay_Beveled_D.uasset" 694
"../../../../../../Users/XetalEngine/Documents/Unreal Projects/XetalOnline/Content/StarterContent/Materials/M_Brick_Clay_Beveled.uasset" 695
"../../../Engine/Content/Functions/Engine_MaterialFunctions03/Procedurals/ComputeFilterWidth.uasset" 696
"../../../Engine/Content/EngineMaterials/AntiAliasedTextMaterialTranslucent.uasset" 697
"../../../../../../Users/XetalEngine/Documents/Unreal Projects/XetalOnline/Content/StarterContent/Maps/StarterMap_BuiltData.uasset" 698
"../../../../../../Users/XetalEngine/Documents/Unreal Projects/XetalOnline/Content/StarterContent/Textures/T_Concrete_Poured_N.uasset" 699
"../../../../../../Users/XetalEngine/Documents/Unreal Projects/XetalOnline/Content/StarterContent/Textures/T_Concrete_Poured_D.uasset" 700
"../../../../../../Users/XetalEngine/Documents/Unreal Projects/XetalOnline/Content/StarterContent/Materials/M_Concrete_Poured.uasset" 701
"../../../../../../Users/XetalEngine/Documents/Unreal Projects/XetalOnline/Content/StarterContent/Textures/T_Lamp_N.uasset" 702
"../../../../../../Users/XetalEngine/Documents/Unreal Projects/XetalOnline/Content/StarterContent/Textures/T_Lamp_M.uasset" 703
"../../../../../../Users/XetalEngine/Documents/Unreal Projects/XetalOnline/Content/StarterContent/Props/Materials/M_Lamp.uasset" 704
"../../../../../../Users/XetalEngine/Documents/Unreal Projects/XetalOnline/Content/StarterContent/Props/SM_Lamp_Wall.uasset" 705
"../../../../../../Users/XetalEngine/Documents/Unreal Projects/XetalOnline/Content/StarterContent/Blueprints/Blueprint_WallSconce.uasset" 706
"../../../../../../Users/XetalEngine/Documents/Unreal Projects/XetalOnline/Content/StarterContent/Particles/P_Steam_Lit.uasset" 707
"../../../../../../Users/XetalEngine/Documents/Unreal Projects/XetalOnline/Content/StarterContent/Audio/Steam01_Cue.uasset" 708
"../../../../../../Users/XetalEngine/Documents/Unreal Projects/XetalOnline/Content/StarterContent/Blueprints/Blueprint_Effect_Steam.uasset" 709
"../../../../../../Users/XetalEngine/Documents/Unreal Projects/XetalOnline/Content/StarterContent/Textures/T_Spark_Core.uasset" 710
"../../../../../../Users/XetalEngine/Documents/Unreal Projects/XetalOnline/Content/StarterContent/Particles/Materials/M_Spark.uasset" 711
"../../../../../../Users/XetalEngine/Documents/Unreal Projects/XetalOnline/Content/StarterContent/Particles/Materials/M_Radial_Gradient.uasset" 712
"../../../../../../Users/XetalEngine/Documents/Unreal Projects/XetalOnline/Content/StarterContent/Particles/P_Sparks.uasset" 713
"../../../../../../Users/XetalEngine/Documents/Unreal Projects/XetalOnline/Content/StarterContent/Audio/Fire_Sparks01_Cue.uasset" 714
"../../../../../../Users/XetalEngine/Documents/Unreal Projects/XetalOnline/Content/StarterContent/Blueprints/Blueprint_Effect_Sparks.uasset" 715
"../../../../../../Users/XetalEngine/Documents/Unreal Projects/XetalOnline/Content/StarterContent/Particles/P_Smoke.uasset" 716
"../../../../../../Users/XetalEngine/Documents/Unreal Projects/XetalOnline/Content/StarterContent/Audio/Smoke01_Cue.uasset" 717
"../../../../../../Users/XetalEngine/Documents/Unreal Projects/XetalOnline/Content/StarterContent/Blueprints/Blueprint_Effect_Smoke.uasset" 718
"../../../../../../Users/XetalEngine/Documents/Unreal Projects/XetalOnline/Content/StarterContent/Particles/Materials/M_Heat_Distortion.uasset" 719
"../../../../../../Users/XetalEngine/Documents/Unreal Projects/XetalOnline/Content/StarterContent/Textures/T_Fire_Tiled_D.uasset" 720
"../../../../../../Users/XetalEngine/Documents/Unreal Projects/XetalOnline/Content/StarterContent/Textures/T_Fire_SubUV.uasset" 721
"../../../../../../Users/XetalEngine/Documents/Unreal Projects/XetalOnline/Content/StarterContent/Particles/Materials/M_Fire_SubUV.uasset" 722
"../../../../../../Users/XetalEngine/Documents/Unreal Projects/XetalOnline/Content/StarterContent/Particles/P_Fire.uasset" 723
"../../../../../../Users/XetalEngine/Documents/Unreal Projects/XetalOnline/Content/StarterContent/Audio/Fire01_Cue.uasset" 724
"../../../../../../Users/XetalEngine/Documents/Unreal Projects/XetalOnline/Content/StarterContent/Blueprints/Blueprint_Effect_Fire.uasset" 725
"../../../../../../Users/XetalEngine/Documents/Unreal Projects/XetalOnline/Content/StarterContent/Props/SM_Lamp_Ceiling.uasset" 726
"../../../../../../Users/XetalEngine/Documents/Unreal Projects/XetalOnline/Content/StarterContent/Blueprints/Blueprint_CeilingLight.uasset" 727
"../../../../../../Users/XetalEngine/Documents/Unreal Projects/XetalOnline/Content/StarterContent/Audio/Starter_Music_Cue.uasset" 728
"../../../../../../Users/XetalEngine/Documents/Unreal Projects/XetalOnline/Content/StarterContent/Audio/Collapse_Cue.uasset" 729
"../../../../../../Users/XetalEngine/Documents/Unreal Projects/XetalOnline/Content/StarterContent/Architecture/Wall_Window_400x300.uasset" 730
"../../../../../../Users/XetalEngine/Documents/Unreal Projects/XetalOnline/Content/StarterContent/Architecture/Wall_Door_400x300.uasset" 731
"../../../../../../Users/XetalEngine/Documents/Unreal Projects/XetalOnline/Content/StarterContent/Architecture/Wall_400x200.uasset" 732
"../../../../../../Users/XetalEngine/Documents/Unreal Projects/XetalOnline/Content/StarterContent/Maps/StarterMap.umap" 733
"../../../../../../Users/XetalEngine/Documents/Unreal Projects/XetalOnline/Content/ThirdPersonBP/Maps/ThirdPersonExampleMap_BuiltData.uasset" 734
"../../../../../../Users/XetalEngine/Documents/Unreal Projects/XetalOnline/Content/ThirdPersonBP/Maps/ThirdPersonExampleMap.umap" 735
